TN:
SF:config\database.js
FN:5,(anonymous_0)
FN:11,(anonymous_1)
FN:70,(anonymous_2)
FN:82,(anonymous_3)
FN:89,(anonymous_4)
FNF:5
FNH:5
FNDA:9,(anonymous_0)
FNDA:3,(anonymous_1)
FNDA:3,(anonymous_2)
FNDA:4,(anonymous_3)
FNDA:1,(anonymous_4)
DA:1,9
DA:2,9
DA:6,9
DA:7,9
DA:8,9
DA:12,3
DA:13,3
DA:14,0
DA:15,0
DA:18,3
DA:19,3
DA:20,0
DA:24,3
DA:25,0
DA:28,3
DA:30,3
DA:41,3
DA:44,3
DA:46,3
DA:47,3
DA:49,3
DA:50,3
DA:52,0
DA:55,0
DA:56,0
DA:57,0
DA:58,0
DA:59,0
DA:60,0
DA:61,0
DA:62,0
DA:63,0
DA:66,0
DA:71,3
DA:72,3
DA:73,3
DA:74,3
DA:75,3
DA:78,0
DA:83,4
DA:84,0
DA:86,4
DA:90,1
DA:95,9
DA:97,9
LF:45
LH:28
BRDA:13,0,0,0
BRDA:13,0,1,3
BRDA:19,1,0,0
BRDA:19,1,1,3
BRDA:19,2,0,3
BRDA:19,2,1,3
BRDA:24,3,0,0
BRDA:24,3,1,3
BRDA:24,4,0,3
BRDA:24,4,1,3
BRDA:55,5,0,0
BRDA:55,5,1,0
BRDA:55,6,0,0
BRDA:55,6,1,0
BRDA:59,7,0,0
BRDA:59,7,1,0
BRDA:59,8,0,0
BRDA:59,8,1,0
BRDA:72,9,0,3
BRDA:72,9,1,0
BRDA:72,10,0,3
BRDA:72,10,1,3
BRDA:83,11,0,0
BRDA:83,11,1,4
BRDA:83,12,0,4
BRDA:83,12,1,4
BRDA:90,13,0,1
BRDA:90,13,1,1
BRDA:90,13,2,0
BRF:29
BRH:15
end_of_record
TN:
SF:middleware\adminAuth.js
FN:58,(anonymous_0)
FN:86,(anonymous_1)
FN:215,(anonymous_2)
FN:216,(anonymous_3)
FN:261,(anonymous_4)
FN:291,(anonymous_5)
FN:321,(anonymous_6)
FN:328,(anonymous_7)
FN:339,(anonymous_8)
FN:378,(anonymous_9)
FN:400,(anonymous_10)
FN:412,(anonymous_11)
FN:424,(anonymous_12)
FN:436,(anonymous_13)
FN:451,(anonymous_14)
FN:468,(anonymous_15)
FN:471,(anonymous_16)
FN:472,(anonymous_17)
FN:502,(anonymous_18)
FN:539,(anonymous_19)
FN:540,(anonymous_20)
FN:573,(anonymous_21)
FNF:22
FNH:8
FNDA:4,(anonymous_0)
FNDA:73,(anonymous_1)
FNDA:208,(anonymous_2)
FNDA:0,(anonymous_3)
FNDA:0,(anonymous_4)
FNDA:0,(anonymous_5)
FNDA:0,(anonymous_6)
FNDA:0,(anonymous_7)
FNDA:0,(anonymous_8)
FNDA:1,(anonymous_9)
FNDA:0,(anonymous_10)
FNDA:2,(anonymous_11)
FNDA:1,(anonymous_12)
FNDA:0,(anonymous_13)
FNDA:0,(anonymous_14)
FNDA:0,(anonymous_15)
FNDA:0,(anonymous_16)
FNDA:0,(anonymous_17)
FNDA:4,(anonymous_18)
FNDA:32,(anonymous_19)
FNDA:0,(anonymous_20)
FNDA:0,(anonymous_21)
DA:1,8
DA:7,8
DA:8,8
DA:9,8
DA:14,8
DA:21,8
DA:58,8
DA:59,4
DA:60,0
DA:63,4
DA:66,4
DA:67,1
DA:71,3
DA:72,1
DA:76,2
DA:77,1
DA:80,1
DA:86,8
DA:87,73
DA:89,73
DA:91,73
DA:92,18
DA:97,55
DA:99,55
DA:100,0
DA:105,55
DA:106,55
DA:110,55
DA:112,55
DA:116,0
DA:121,55
DA:125,55
DA:128,0
DA:131,0
DA:133,0
DA:134,0
DA:140,0
DA:141,0
DA:143,0
DA:145,0
DA:146,0
DA:151,0
DA:154,0
DA:155,0
DA:159,0
DA:160,0
DA:164,0
DA:165,0
DA:167,0
DA:168,0
DA:172,0
DA:173,0
DA:187,0
DA:190,0
DA:191,0
DA:197,0
DA:199,0
DA:201,73
DA:202,73
DA:205,0
DA:206,0
DA:215,8
DA:216,208
DA:217,0
DA:218,0
DA:219,0
DA:224,0
DA:226,0
DA:227,0
DA:233,0
DA:237,0
DA:238,0
DA:244,0
DA:246,0
DA:247,0
DA:250,0
DA:251,0
DA:261,8
DA:262,0
DA:263,0
DA:264,0
DA:269,0
DA:270,0
DA:275,0
DA:277,0
DA:278,0
DA:281,0
DA:282,0
DA:291,8
DA:292,0
DA:293,0
DA:294,0
DA:299,0
DA:301,0
DA:302,0
DA:305,0
DA:307,0
DA:308,0
DA:311,0
DA:312,0
DA:321,8
DA:322,0
DA:323,0
DA:326,0
DA:328,0
DA:329,0
DA:330,0
DA:332,0
DA:339,8
DA:340,0
DA:341,0
DA:342,0
DA:355,0
DA:357,0
DA:358,0
DA:363,0
DA:371,8
DA:379,1
DA:380,1
DA:393,1
DA:394,1
DA:401,0
DA:402,0
DA:403,0
DA:404,0
DA:413,2
DA:414,2
DA:415,1
DA:418,1
DA:425,1
DA:426,1
DA:427,1
DA:428,1
DA:437,0
DA:438,0
DA:440,0
DA:441,0
DA:442,0
DA:443,0
DA:452,0
DA:453,0
DA:454,0
DA:458,0
DA:461,0
DA:468,8
DA:469,0
DA:471,0
DA:472,0
DA:473,0
DA:474,0
DA:479,0
DA:482,0
DA:486,0
DA:488,0
DA:495,8
DA:503,4
DA:504,4
DA:506,4
DA:507,1
DA:511,1
DA:514,3
DA:516,3
DA:518,0
DA:519,0
DA:520,0
DA:523,3
DA:524,1
DA:531,2
DA:532,2
DA:539,8
DA:540,32
DA:541,0
DA:542,0
DA:545,0
DA:552,0
DA:553,0
DA:561,0
DA:567,0
DA:572,8
DA:573,0
DA:574,0
DA:578,8
LF:182
LH:67
BRDA:59,0,0,0
BRDA:59,0,1,4
BRDA:59,1,0,4
BRDA:59,1,1,4
BRDA:66,2,0,1
BRDA:66,2,1,3
BRDA:71,3,0,1
BRDA:71,3,1,2
BRDA:76,4,0,1
BRDA:76,4,1,1
BRDA:91,5,0,18
BRDA:91,5,1,55
BRDA:91,6,0,73
BRDA:91,6,1,55
BRDA:99,7,0,0
BRDA:99,7,1,55
BRDA:112,8,0,0
BRDA:112,8,1,55
BRDA:113,9,0,55
BRDA:113,9,1,55
BRDA:121,10,0,55
BRDA:121,10,1,0
BRDA:122,11,0,55
BRDA:122,11,1,55
BRDA:133,12,0,0
BRDA:133,12,1,0
BRDA:145,13,0,0
BRDA:145,13,1,0
BRDA:154,14,0,0
BRDA:154,14,1,0
BRDA:159,15,0,0
BRDA:159,15,1,0
BRDA:167,16,0,0
BRDA:167,16,1,0
BRDA:182,17,0,0
BRDA:182,17,1,0
BRDA:183,18,0,0
BRDA:183,18,1,0
BRDA:190,19,0,0
BRDA:190,19,1,0
BRDA:201,20,0,73
BRDA:201,20,1,0
BRDA:218,21,0,0
BRDA:218,21,1,0
BRDA:226,22,0,0
BRDA:226,22,1,0
BRDA:233,23,0,0
BRDA:233,23,1,0
BRDA:234,24,0,0
BRDA:234,24,1,0
BRDA:239,25,0,0
BRDA:239,25,1,0
BRDA:246,26,0,0
BRDA:246,26,1,0
BRDA:263,27,0,0
BRDA:263,27,1,0
BRDA:269,28,0,0
BRDA:269,28,1,0
BRDA:277,29,0,0
BRDA:277,29,1,0
BRDA:293,30,0,0
BRDA:293,30,1,0
BRDA:301,31,0,0
BRDA:301,31,1,0
BRDA:307,32,0,0
BRDA:307,32,1,0
BRDA:322,33,0,0
BRDA:322,33,1,0
BRDA:322,34,0,0
BRDA:322,34,1,0
BRDA:326,35,0,0
BRDA:326,35,1,0
BRDA:329,36,0,0
BRDA:329,36,1,0
BRDA:329,37,0,0
BRDA:329,37,1,0
BRDA:339,38,0,0
BRDA:351,39,0,0
BRDA:351,39,1,0
BRDA:352,40,0,0
BRDA:352,40,1,0
BRDA:357,41,0,0
BRDA:357,41,1,0
BRDA:378,42,0,0
BRDA:402,43,0,0
BRDA:402,43,1,0
BRDA:402,44,0,0
BRDA:402,44,1,0
BRDA:414,45,0,1
BRDA:414,45,1,1
BRDA:414,46,0,2
BRDA:414,46,1,2
BRDA:426,47,0,1
BRDA:426,47,1,0
BRDA:441,48,0,0
BRDA:441,48,1,0
BRDA:454,49,0,0
BRDA:454,49,1,0
BRDA:455,50,0,0
BRDA:455,50,1,0
BRDA:473,51,0,0
BRDA:473,51,1,0
BRDA:502,52,0,0
BRDA:502,53,0,0
BRDA:506,54,0,1
BRDA:506,54,1,3
BRDA:516,55,0,0
BRDA:516,55,1,3
BRDA:523,56,0,1
BRDA:523,56,1,2
BRDA:539,57,0,0
BRDA:539,58,0,0
BRDA:541,59,0,0
BRDA:541,59,1,0
BRDA:552,60,0,0
BRDA:552,60,1,0
BRDA:572,61,0,0
BRDA:572,61,1,8
BRF:118
BRH:32
end_of_record
TN:
SF:middleware\auth.js
FN:9,(anonymous_0)
FN:82,(anonymous_1)
FN:133,(anonymous_2)
FNF:3
FNH:0
FNDA:0,(anonymous_0)
FNDA:0,(anonymous_1)
FNDA:0,(anonymous_2)
DA:1,8
DA:2,8
DA:9,8
DA:10,0
DA:12,0
DA:14,0
DA:15,0
DA:18,0
DA:20,0
DA:21,0
DA:26,0
DA:28,0
DA:32,0
DA:33,0
DA:36,0
DA:37,0
DA:40,0
DA:41,0
DA:45,0
DA:50,0
DA:52,0
DA:53,0
DA:57,0
DA:58,0
DA:61,0
DA:62,0
DA:65,0
DA:68,0
DA:69,0
DA:73,0
DA:74,0
DA:82,8
DA:83,0
DA:84,0
DA:86,0
DA:88,0
DA:89,0
DA:90,0
DA:93,0
DA:95,0
DA:96,0
DA:97,0
DA:98,0
DA:101,0
DA:102,0
DA:106,0
DA:107,0
DA:108,0
DA:110,0
DA:111,0
DA:115,0
DA:116,0
DA:119,0
DA:121,0
DA:123,0
DA:124,0
DA:125,0
DA:133,8
DA:134,0
DA:135,0
DA:136,0
DA:140,0
DA:142,0
DA:143,0
DA:147,0
DA:158,0
DA:161,0
DA:162,0
DA:165,0
DA:166,0
DA:170,8
LF:71
LH:6
BRDA:14,0,0,0
BRDA:14,0,1,0
BRDA:14,1,0,0
BRDA:14,1,1,0
BRDA:20,2,0,0
BRDA:20,2,1,0
BRDA:36,3,0,0
BRDA:36,3,1,0
BRDA:36,4,0,0
BRDA:36,4,1,0
BRDA:40,5,0,0
BRDA:40,5,1,0
BRDA:40,6,0,0
BRDA:40,6,1,0
BRDA:46,7,0,0
BRDA:46,7,1,0
BRDA:52,8,0,0
BRDA:52,8,1,0
BRDA:61,9,0,0
BRDA:61,9,1,0
BRDA:68,10,0,0
BRDA:68,10,1,0
BRDA:86,11,0,0
BRDA:86,11,1,0
BRDA:86,12,0,0
BRDA:86,12,1,0
BRDA:95,13,0,0
BRDA:95,13,1,0
BRDA:106,14,0,0
BRDA:106,14,1,0
BRDA:106,15,0,0
BRDA:106,15,1,0
BRDA:135,16,0,0
BRDA:135,16,1,0
BRDA:142,17,0,0
BRDA:142,17,1,0
BRDA:149,18,0,0
BRDA:149,18,1,0
BRDA:150,19,0,0
BRDA:150,19,1,0
BRDA:151,20,0,0
BRDA:151,20,1,0
BRDA:152,21,0,0
BRDA:152,21,1,0
BRDA:152,22,0,0
BRDA:152,22,1,0
BRDA:152,23,0,0
BRDA:152,23,1,0
BRDA:153,24,0,0
BRDA:153,24,1,0
BRDA:161,25,0,0
BRDA:161,25,1,0
BRF:52
BRH:0
end_of_record
TN:
SF:middleware\errorHandler.js
FN:46,(anonymous_0)
FN:84,(anonymous_1)
FN:143,(anonymous_2)
FN:144,(anonymous_3)
FN:153,(anonymous_4)
FN:163,(anonymous_5)
FNF:6
FNH:4
FNDA:74,(anonymous_0)
FNDA:0,(anonymous_1)
FNDA:400,(anonymous_2)
FNDA:0,(anonymous_3)
FNDA:1,(anonymous_4)
FNDA:74,(anonymous_5)
DA:1,8
DA:2,8
DA:7,8
DA:33,8
DA:34,8
DA:46,8
DA:48,74
DA:49,74
DA:52,74
DA:64,74
DA:65,0
DA:66,74
DA:67,74
DA:69,0
DA:73,74
DA:74,0
DA:75,0
DA:78,74
DA:79,0
DA:80,0
DA:83,74
DA:84,0
DA:85,0
DA:88,74
DA:89,0
DA:90,0
DA:93,74
DA:94,0
DA:95,0
DA:99,74
DA:100,0
DA:101,0
DA:105,74
DA:106,0
DA:107,0
DA:111,74
DA:123,74
DA:124,0
DA:125,0
DA:126,0
DA:131,74
DA:132,74
DA:136,74
DA:143,8
DA:144,400
DA:145,0
DA:153,8
DA:154,1
DA:155,1
DA:156,1
DA:163,8
DA:164,74
DA:165,74
DA:166,74
DA:169,8
LF:55
LH:35
BRDA:8,0,0,8
BRDA:8,0,1,8
BRDA:33,1,0,8
BRDA:33,1,1,0
BRDA:59,2,0,74
BRDA:59,2,1,74
BRDA:64,3,0,0
BRDA:64,3,1,74
BRDA:66,4,0,74
BRDA:66,4,1,0
BRDA:73,5,0,0
BRDA:73,5,1,74
BRDA:78,6,0,0
BRDA:78,6,1,74
BRDA:83,7,0,0
BRDA:83,7,1,74
BRDA:88,8,0,0
BRDA:88,8,1,74
BRDA:93,9,0,0
BRDA:93,9,1,74
BRDA:99,10,0,0
BRDA:99,10,1,74
BRDA:99,11,0,74
BRDA:99,11,1,74
BRDA:105,12,0,0
BRDA:105,12,1,74
BRDA:114,13,0,74
BRDA:114,13,1,0
BRDA:115,14,0,74
BRDA:115,14,1,0
BRDA:123,15,0,0
BRDA:123,15,1,74
BRDA:125,16,0,0
BRDA:125,16,1,0
BRDA:131,17,0,74
BRDA:131,17,1,0
BRDA:136,18,0,74
BRDA:136,18,1,0
BRF:38
BRH:21
end_of_record
TN:
SF:middleware\errors.js
FN:10,(anonymous_0)
FN:27,(anonymous_1)
FN:37,(anonymous_2)
FN:47,(anonymous_3)
FN:57,(anonymous_4)
FN:67,(anonymous_5)
FN:77,(anonymous_6)
FN:87,(anonymous_7)
FN:97,(anonymous_8)
FNF:9
FNH:2
FNDA:74,(anonymous_0)
FNDA:0,(anonymous_1)
FNDA:73,(anonymous_2)
FNDA:0,(anonymous_3)
FNDA:0,(anonymous_4)
FNDA:0,(anonymous_5)
FNDA:0,(anonymous_6)
FNDA:0,(anonymous_7)
FNDA:0,(anonymous_8)
DA:11,74
DA:12,74
DA:13,74
DA:14,74
DA:15,74
DA:16,74
DA:18,74
DA:28,0
DA:38,73
DA:48,0
DA:58,0
DA:68,0
DA:78,0
DA:88,0
DA:98,0
DA:102,8
LF:16
LH:9
BRDA:10,0,0,0
BRDA:10,1,0,0
BRDA:10,2,0,1
BRDA:27,3,0,0
BRDA:37,4,0,0
BRDA:37,5,0,73
BRDA:47,6,0,0
BRDA:47,7,0,0
BRDA:57,8,0,0
BRDA:57,9,0,0
BRDA:67,10,0,0
BRDA:67,11,0,0
BRDA:77,12,0,0
BRDA:77,13,0,0
BRDA:87,14,0,0
BRDA:87,15,0,0
BRDA:97,16,0,0
BRDA:97,17,0,0
BRF:18
BRH:2
end_of_record
TN:
SF:middleware\security.js
FN:12,(anonymous_0)
FN:24,(anonymous_1)
FN:99,(anonymous_2)
FN:100,(anonymous_3)
FN:142,(anonymous_4)
FN:143,(anonymous_5)
FN:160,(anonymous_6)
FN:161,(anonymous_7)
FNF:8
FNH:3
FNDA:32,(anonymous_0)
FNDA:0,(anonymous_1)
FNDA:74,(anonymous_2)
FNDA:337,(anonymous_3)
FNDA:0,(anonymous_4)
FNDA:0,(anonymous_5)
FNDA:0,(anonymous_6)
FNDA:0,(anonymous_7)
DA:1,8
DA:2,8
DA:3,8
DA:12,8
DA:13,32
DA:25,0
DA:34,8
DA:44,8
DA:54,8
DA:64,8
DA:73,8
DA:99,8
DA:100,74
DA:101,337
DA:103,138
DA:109,199
DA:110,11
DA:113,188
DA:114,184
DA:115,184
DA:116,74
DA:118,184
DA:121,4
DA:124,74
DA:125,33
DA:128,74
DA:129,74
DA:132,74
DA:133,74
DA:136,74
DA:142,8
DA:143,0
DA:144,0
DA:146,0
DA:147,0
DA:150,0
DA:151,0
DA:152,0
DA:153,0
DA:160,8
DA:161,0
DA:162,0
DA:164,0
DA:165,0
DA:166,0
DA:168,0
DA:169,0
DA:170,0
DA:171,0
DA:172,0
DA:176,0
DA:180,8
LF:52
LH:32
BRDA:12,0,0,32
BRDA:101,1,0,138
BRDA:101,1,1,199
BRDA:109,2,0,11
BRDA:109,2,1,188
BRDA:113,3,0,184
BRDA:113,3,1,4
BRDA:113,4,0,188
BRDA:113,4,1,186
BRDA:124,5,0,33
BRDA:124,5,1,41
BRDA:128,6,0,74
BRDA:128,6,1,0
BRDA:132,7,0,74
BRDA:132,7,1,0
BRDA:142,8,0,0
BRDA:144,9,0,0
BRDA:144,9,1,0
BRDA:146,10,0,0
BRDA:146,10,1,0
BRDA:146,11,0,0
BRDA:146,11,1,0
BRDA:160,12,0,0
BRDA:164,13,0,0
BRDA:164,13,1,0
BRDA:168,14,0,0
BRDA:168,14,1,0
BRF:27
BRH:13
end_of_record
TN:
SF:middleware\validation.js
FN:14,(anonymous_0)
FN:15,(anonymous_1)
FN:23,(anonymous_2)
FNF:3
FNH:1
FNDA:88,(anonymous_0)
FNDA:0,(anonymous_1)
FNDA:0,(anonymous_2)
DA:1,8
DA:2,8
DA:14,8
DA:15,88
DA:16,0
DA:22,0
DA:23,0
DA:29,0
DA:33,0
DA:34,0
DA:41,8
DA:209,8
DA:210,8
DA:211,8
DA:212,8
DA:213,8
DA:214,8
DA:215,8
DA:216,8
DA:217,8
DA:218,8
DA:219,8
DA:221,8
LF:23
LH:17
BRDA:14,0,0,0
BRDA:22,1,0,0
BRDA:22,1,1,0
BRF:3
BRH:0
end_of_record
TN:
SF:middleware\websocket.js
FN:11,initializeWebSocket
FN:25,(anonymous_1)
FN:53,(anonymous_2)
FN:74,(anonymous_3)
FN:89,(anonymous_4)
FN:95,(anonymous_5)
FN:101,(anonymous_6)
FN:114,(anonymous_7)
FN:135,(anonymous_8)
FN:157,(anonymous_9)
FN:175,(anonymous_10)
FN:192,(anonymous_11)
FN:216,(anonymous_12)
FN:219,(anonymous_13)
FN:232,getIO
FN:244,emitToAdmins
FN:262,emitToSocietyAdmins
FN:280,emitToAdmin
FNF:18
FNH:0
FNDA:0,initializeWebSocket
FNDA:0,(anonymous_1)
FNDA:0,(anonymous_2)
FNDA:0,(anonymous_3)
FNDA:0,(anonymous_4)
FNDA:0,(anonymous_5)
FNDA:0,(anonymous_6)
FNDA:0,(anonymous_7)
FNDA:0,(anonymous_8)
FNDA:0,(anonymous_9)
FNDA:0,(anonymous_10)
FNDA:0,(anonymous_11)
FNDA:0,(anonymous_12)
FNDA:0,(anonymous_13)
FNDA:0,getIO
FNDA:0,emitToAdmins
FNDA:0,emitToSocietyAdmins
FNDA:0,emitToAdmin
DA:1,8
DA:2,8
DA:3,8
DA:5,8
DA:12,0
DA:22,0
DA:25,0
DA:26,0
DA:27,0
DA:28,0
DA:30,0
DA:31,0
DA:35,0
DA:36,0
DA:37,0
DA:41,0
DA:42,0
DA:44,0
DA:45,0
DA:47,0
DA:48,0
DA:53,0
DA:54,0
DA:59,0
DA:62,0
DA:65,0
DA:66,0
DA:74,0
DA:75,0
DA:80,0
DA:89,0
DA:90,0
DA:91,0
DA:92,0
DA:95,0
DA:96,0
DA:97,0
DA:101,0
DA:102,0
DA:103,0
DA:104,0
DA:114,0
DA:116,0
DA:117,0
DA:119,0
DA:120,0
DA:121,0
DA:131,0
DA:135,0
DA:136,0
DA:137,0
DA:139,0
DA:140,0
DA:141,0
DA:153,0
DA:157,0
DA:158,0
DA:161,0
DA:162,0
DA:175,0
DA:176,0
DA:178,0
DA:179,0
DA:192,0
DA:194,0
DA:201,0
DA:209,0
DA:216,0
DA:217,0
DA:219,0
DA:220,0
DA:224,0
DA:225,0
DA:233,0
DA:234,0
DA:236,0
DA:245,0
DA:246,0
DA:252,0
DA:263,0
DA:264,0
DA:270,0
DA:281,0
DA:283,0
DA:284,0
DA:285,0
DA:286,0
DA:290,0
DA:291,0
DA:297,8
LF:90
LH:5
BRDA:30,0,0,0
BRDA:30,0,1,0
BRDA:30,1,0,0
BRDA:30,1,1,0
BRDA:36,2,0,0
BRDA:36,2,1,0
BRDA:103,3,0,0
BRDA:103,3,1,0
BRDA:120,4,0,0
BRDA:120,4,1,0
BRDA:140,5,0,0
BRDA:140,5,1,0
BRDA:161,6,0,0
BRDA:161,6,1,0
BRDA:178,7,0,0
BRDA:178,7,1,0
BRDA:233,8,0,0
BRDA:233,8,1,0
BRDA:245,9,0,0
BRDA:245,9,1,0
BRDA:263,10,0,0
BRDA:263,10,1,0
BRDA:281,11,0,0
BRDA:281,11,1,0
BRDA:285,12,0,0
BRDA:285,12,1,0
BRF:26
BRH:0
end_of_record
TN:
SF:middleware\websocketEvents.js
FN:13,emitMaintenancePaymentUploaded
FN:42,emitJoinRequestSubmitted
FN:71,emitForumPostCreated
FN:100,emitUserActivityUpdate
FN:126,emitDashboardUpdate
FN:151,emitSystemEvent
FN:179,emitMaintenanceStatusChange
FN:219,emitJoinRequestStatusChange
FN:259,emitAdminSessionUpdate
FN:283,emitOnlineUsersCount
FN:304,emitBulkOperationComplete
FN:331,emitAdminSessionSync
FNF:12
FNH:0
FNDA:0,emitMaintenancePaymentUploaded
FNDA:0,emitJoinRequestSubmitted
FNDA:0,emitForumPostCreated
FNDA:0,emitUserActivityUpdate
FNDA:0,emitDashboardUpdate
FNDA:0,emitSystemEvent
FNDA:0,emitMaintenanceStatusChange
FNDA:0,emitJoinRequestStatusChange
FNDA:0,emitAdminSessionUpdate
FNDA:0,emitOnlineUsersCount
FNDA:0,emitBulkOperationComplete
FNDA:0,emitAdminSessionSync
DA:5,8
DA:6,8
DA:14,0
DA:15,0
DA:27,0
DA:28,0
DA:33,0
DA:43,0
DA:44,0
DA:56,0
DA:57,0
DA:62,0
DA:72,0
DA:73,0
DA:85,0
DA:86,0
DA:91,0
DA:101,0
DA:102,0
DA:111,0
DA:112,0
DA:117,0
DA:127,0
DA:128,0
DA:136,0
DA:137,0
DA:142,0
DA:152,0
DA:153,0
DA:162,0
DA:163,0
DA:165,0
DA:168,0
DA:170,0
DA:180,0
DA:181,0
DA:193,0
DA:196,0
DA:204,0
DA:210,0
DA:220,0
DA:221,0
DA:233,0
DA:236,0
DA:244,0
DA:250,0
DA:260,0
DA:261,0
DA:271,0
DA:272,0
DA:274,0
DA:284,0
DA:285,0
DA:292,0
DA:293,0
DA:295,0
DA:305,0
DA:306,0
DA:316,0
DA:317,0
DA:322,0
DA:332,0
DA:333,0
DA:343,0
DA:344,0
DA:349,0
DA:353,8
LF:67
LH:3
BRDA:24,0,0,0
BRDA:24,0,1,0
BRDA:49,1,0,0
BRDA:49,1,1,0
BRDA:81,2,0,0
BRDA:81,2,1,0
BRDA:108,3,0,0
BRDA:108,3,1,0
BRDA:157,4,0,0
BRDA:157,4,1,0
BRDA:162,5,0,0
BRDA:162,5,1,0
BRF:12
BRH:0
end_of_record
TN:
SF:models\indexManager.js
FN:9,(anonymous_0)
FN:16,(anonymous_1)
FN:38,(anonymous_2)
FN:87,(anonymous_3)
FN:101,(anonymous_4)
FN:119,(anonymous_5)
FN:134,(anonymous_6)
FN:150,(anonymous_7)
FN:162,(anonymous_8)
FN:186,(anonymous_9)
FNF:10
FNH:0
FNDA:0,(anonymous_0)
FNDA:0,(anonymous_1)
FNDA:0,(anonymous_2)
FNDA:0,(anonymous_3)
FNDA:0,(anonymous_4)
FNDA:0,(anonymous_5)
FNDA:0,(anonymous_6)
FNDA:0,(anonymous_7)
FNDA:0,(anonymous_8)
FNDA:0,(anonymous_9)
DA:1,0
DA:10,0
DA:17,0
DA:18,0
DA:20,0
DA:23,0
DA:24,0
DA:27,0
DA:28,0
DA:30,0
DA:31,0
DA:39,0
DA:40,0
DA:41,0
DA:43,0
DA:45,0
DA:46,0
DA:47,0
DA:48,0
DA:54,0
DA:57,0
DA:58,0
DA:64,0
DA:66,0
DA:67,0
DA:77,0
DA:79,0
DA:80,0
DA:88,0
DA:89,0
DA:90,0
DA:91,0
DA:93,0
DA:94,0
DA:102,0
DA:103,0
DA:105,0
DA:106,0
DA:109,0
DA:111,0
DA:112,0
DA:120,0
DA:121,0
DA:122,0
DA:123,0
DA:124,0
DA:126,0
DA:127,0
DA:135,0
DA:136,0
DA:137,0
DA:140,0
DA:142,0
DA:143,0
DA:151,0
DA:152,0
DA:154,0
DA:160,0
DA:161,0
DA:162,0
DA:164,0
DA:165,0
DA:167,0
DA:168,0
DA:173,0
DA:174,0
DA:182,0
DA:183,0
DA:185,0
DA:186,0
DA:187,0
DA:191,0
DA:193,0
DA:194,0
DA:199,0
LF:75
LH:0
BRDA:57,0,0,0
BRDA:57,0,1,0
BRDA:57,1,0,0
BRDA:57,1,1,0
BRDA:167,2,0,0
BRDA:167,2,1,0
BRDA:182,3,0,0
BRDA:182,3,1,0
BRF:8
BRH:0
end_of_record
TN:
SF:models\schemas.js
FN:9,(anonymous_0)
FN:14,(anonymous_1)
FN:21,(anonymous_2)
FN:25,(anonymous_3)
FN:82,(anonymous_4)
FN:144,(anonymous_5)
FN:202,(anonymous_6)
FN:284,(anonymous_7)
FN:374,(anonymous_8)
FN:413,(anonymous_9)
FN:461,(anonymous_10)
FN:545,(anonymous_11)
FN:634,(anonymous_12)
FNF:13
FNH:10
FNDA:19,(anonymous_0)
FNDA:19,(anonymous_1)
FNDA:27,(anonymous_2)
FNDA:42,(anonymous_3)
FNDA:13,(anonymous_4)
FNDA:0,(anonymous_5)
FNDA:17,(anonymous_6)
FNDA:2,(anonymous_7)
FNDA:6,(anonymous_8)
FNDA:1,(anonymous_9)
FNDA:6,(anonymous_10)
FNDA:0,(anonymous_11)
FNDA:0,(anonymous_12)
DA:1,9
DA:9,9
DA:10,19
DA:11,19
DA:14,9
DA:17,19
DA:18,19
DA:21,9
DA:22,27
DA:25,9
DA:26,42
DA:30,9
DA:82,9
DA:83,13
DA:86,13
DA:87,0
DA:90,13
DA:91,0
DA:94,13
DA:95,0
DA:98,13
DA:99,0
DA:102,13
DA:108,0
DA:113,13
DA:114,0
DA:117,13
DA:118,0
DA:122,13
DA:123,0
DA:126,13
DA:127,0
DA:131,13
DA:137,0
DA:143,13
DA:144,3
DA:145,0
DA:146,0
DA:150,0
DA:151,0
DA:159,13
DA:160,0
DA:164,13
DA:165,0
DA:168,13
DA:169,0
DA:172,13
DA:173,0
DA:176,13
DA:177,0
DA:180,13
DA:187,9
DA:202,9
DA:203,17
DA:205,17
DA:206,0
DA:209,17
DA:210,0
DA:213,17
DA:218,0
DA:221,17
DA:226,0
DA:229,17
DA:230,0
DA:233,17
DA:234,17
DA:238,0
DA:241,17
DA:246,0
DA:251,17
DA:252,0
DA:256,17
DA:263,9
DA:284,9
DA:285,2
DA:287,2
DA:291,0
DA:294,2
DA:298,0
DA:301,2
DA:302,0
DA:305,2
DA:309,0
DA:313,2
DA:314,2
DA:315,0
DA:318,2
DA:322,0
DA:325,2
DA:326,0
DA:329,2
DA:330,0
DA:336,2
DA:337,0
DA:340,2
DA:347,9
DA:374,9
DA:375,6
DA:377,6
DA:378,0
DA:381,6
DA:382,0
DA:385,6
DA:386,0
DA:389,6
DA:390,0
DA:393,6
DA:394,0
DA:397,6
DA:398,0
DA:401,6
DA:406,0
DA:412,6
DA:413,6
DA:414,1
DA:415,0
DA:419,1
DA:420,0
DA:424,1
DA:425,0
DA:429,1
DA:430,0
DA:437,6
DA:444,9
DA:461,9
DA:462,6
DA:464,6
DA:465,0
DA:468,6
DA:469,0
DA:472,6
DA:477,0
DA:482,6
DA:486,0
DA:489,6
DA:490,0
DA:494,6
DA:495,0
DA:498,6
DA:505,9
DA:545,9
DA:546,0
DA:548,0
DA:549,0
DA:552,0
DA:553,0
DA:556,0
DA:557,0
DA:560,0
DA:562,0
DA:563,0
DA:566,0
DA:570,0
DA:575,0
DA:576,0
DA:579,0
DA:580,0
DA:586,0
DA:587,0
DA:590,0
DA:597,9
DA:634,9
DA:635,0
DA:637,0
DA:641,0
DA:644,0
DA:648,0
DA:651,0
DA:652,0
DA:655,0
DA:659,0
DA:662,0
DA:667,0
DA:672,0
DA:676,0
DA:679,0
DA:680,0
DA:683,0
DA:690,9
DA:704,9
DA:729,9
LF:181
LH:93
BRDA:26,0,0,42
BRDA:26,0,1,42
BRDA:86,1,0,0
BRDA:86,1,1,13
BRDA:86,2,0,13
BRDA:86,2,1,13
BRDA:90,3,0,0
BRDA:90,3,1,13
BRDA:90,4,0,13
BRDA:90,4,1,13
BRDA:94,5,0,0
BRDA:94,5,1,13
BRDA:94,6,0,13
BRDA:94,6,1,13
BRDA:98,7,0,0
BRDA:98,7,1,13
BRDA:98,8,0,13
BRDA:98,8,1,13
BRDA:102,9,0,0
BRDA:102,9,1,13
BRDA:103,10,0,13
BRDA:103,10,1,13
BRDA:113,11,0,0
BRDA:113,11,1,13
BRDA:113,12,0,13
BRDA:113,12,1,13
BRDA:117,13,0,0
BRDA:117,13,1,13
BRDA:117,14,0,13
BRDA:117,14,1,13
BRDA:122,15,0,0
BRDA:122,15,1,13
BRDA:122,16,0,13
BRDA:122,16,1,13
BRDA:126,17,0,0
BRDA:126,17,1,13
BRDA:126,18,0,13
BRDA:126,18,1,13
BRDA:131,19,0,0
BRDA:131,19,1,13
BRDA:132,20,0,13
BRDA:132,20,1,3
BRDA:143,21,0,3
BRDA:143,21,1,10
BRDA:143,22,0,13
BRDA:143,22,1,3
BRDA:145,23,0,0
BRDA:145,23,1,0
BRDA:145,24,0,0
BRDA:145,24,1,0
BRDA:150,25,0,0
BRDA:150,25,1,0
BRDA:159,26,0,0
BRDA:159,26,1,13
BRDA:159,27,0,13
BRDA:159,27,1,3
BRDA:164,28,0,0
BRDA:164,28,1,13
BRDA:164,29,0,13
BRDA:164,29,1,13
BRDA:168,30,0,0
BRDA:168,30,1,13
BRDA:168,31,0,13
BRDA:168,31,1,0
BRDA:172,32,0,0
BRDA:172,32,1,13
BRDA:172,33,0,13
BRDA:172,33,1,13
BRDA:176,34,0,0
BRDA:176,34,1,13
BRDA:176,35,0,13
BRDA:176,35,1,13
BRDA:205,36,0,0
BRDA:205,36,1,17
BRDA:205,37,0,17
BRDA:205,37,1,17
BRDA:209,38,0,0
BRDA:209,38,1,17
BRDA:209,39,0,17
BRDA:209,39,1,17
BRDA:213,40,0,0
BRDA:213,40,1,17
BRDA:214,41,0,17
BRDA:214,41,1,17
BRDA:214,41,2,17
BRDA:221,42,0,0
BRDA:221,42,1,17
BRDA:222,43,0,17
BRDA:222,43,1,17
BRDA:222,43,2,17
BRDA:229,44,0,0
BRDA:229,44,1,17
BRDA:233,45,0,17
BRDA:233,45,1,0
BRDA:234,46,0,0
BRDA:234,46,1,17
BRDA:235,47,0,17
BRDA:235,47,1,17
BRDA:241,48,0,0
BRDA:241,48,1,17
BRDA:242,49,0,17
BRDA:242,49,1,17
BRDA:242,49,2,17
BRDA:251,50,0,0
BRDA:251,50,1,17
BRDA:287,51,0,0
BRDA:287,51,1,2
BRDA:288,52,0,2
BRDA:288,52,1,2
BRDA:294,53,0,0
BRDA:294,53,1,2
BRDA:295,54,0,2
BRDA:295,54,1,2
BRDA:301,55,0,0
BRDA:301,55,1,2
BRDA:301,56,0,2
BRDA:301,56,1,2
BRDA:305,57,0,0
BRDA:305,57,1,2
BRDA:306,58,0,2
BRDA:306,58,1,2
BRDA:314,59,0,0
BRDA:314,59,1,2
BRDA:314,60,0,2
BRDA:314,60,1,2
BRDA:318,61,0,0
BRDA:318,61,1,2
BRDA:319,62,0,2
BRDA:319,62,1,2
BRDA:325,63,0,0
BRDA:325,63,1,2
BRDA:325,64,0,2
BRDA:325,64,1,2
BRDA:329,65,0,0
BRDA:329,65,1,2
BRDA:336,66,0,0
BRDA:336,66,1,2
BRDA:336,67,0,2
BRDA:336,67,1,0
BRDA:377,68,0,0
BRDA:377,68,1,6
BRDA:377,69,0,6
BRDA:377,69,1,6
BRDA:381,70,0,0
BRDA:381,70,1,6
BRDA:381,71,0,6
BRDA:381,71,1,6
BRDA:385,72,0,0
BRDA:385,72,1,6
BRDA:385,73,0,6
BRDA:385,73,1,6
BRDA:389,74,0,0
BRDA:389,74,1,6
BRDA:389,75,0,6
BRDA:389,75,1,6
BRDA:393,76,0,0
BRDA:393,76,1,6
BRDA:393,77,0,6
BRDA:393,77,1,6
BRDA:397,78,0,0
BRDA:397,78,1,6
BRDA:397,79,0,6
BRDA:397,79,1,6
BRDA:401,80,0,0
BRDA:401,80,1,6
BRDA:412,81,0,6
BRDA:412,81,1,0
BRDA:412,82,0,6
BRDA:412,82,1,6
BRDA:414,83,0,0
BRDA:414,83,1,1
BRDA:414,84,0,1
BRDA:414,84,1,1
BRDA:419,85,0,0
BRDA:419,85,1,1
BRDA:419,86,0,1
BRDA:419,86,1,1
BRDA:424,87,0,0
BRDA:424,87,1,1
BRDA:424,88,0,1
BRDA:424,88,1,1
BRDA:429,89,0,0
BRDA:429,89,1,1
BRDA:429,90,0,1
BRDA:429,90,1,1
BRDA:464,91,0,0
BRDA:464,91,1,6
BRDA:464,92,0,6
BRDA:464,92,1,6
BRDA:468,93,0,0
BRDA:468,93,1,6
BRDA:468,94,0,6
BRDA:468,94,1,6
BRDA:472,95,0,0
BRDA:472,95,1,6
BRDA:482,96,0,0
BRDA:482,96,1,6
BRDA:483,97,0,6
BRDA:483,97,1,6
BRDA:489,98,0,0
BRDA:489,98,1,6
BRDA:489,99,0,6
BRDA:489,99,1,6
BRDA:494,100,0,0
BRDA:494,100,1,6
BRDA:494,101,0,6
BRDA:494,101,1,6
BRDA:548,102,0,0
BRDA:548,102,1,0
BRDA:548,103,0,0
BRDA:548,103,1,0
BRDA:552,104,0,0
BRDA:552,104,1,0
BRDA:552,105,0,0
BRDA:552,105,1,0
BRDA:556,106,0,0
BRDA:556,106,1,0
BRDA:562,107,0,0
BRDA:562,107,1,0
BRDA:562,108,0,0
BRDA:562,108,1,0
BRDA:566,109,0,0
BRDA:566,109,1,0
BRDA:567,110,0,0
BRDA:567,110,1,0
BRDA:575,111,0,0
BRDA:575,111,1,0
BRDA:575,112,0,0
BRDA:575,112,1,0
BRDA:579,113,0,0
BRDA:579,113,1,0
BRDA:579,114,0,0
BRDA:579,114,1,0
BRDA:586,115,0,0
BRDA:586,115,1,0
BRDA:637,116,0,0
BRDA:637,116,1,0
BRDA:638,117,0,0
BRDA:638,117,1,0
BRDA:644,118,0,0
BRDA:644,118,1,0
BRDA:645,119,0,0
BRDA:645,119,1,0
BRDA:651,120,0,0
BRDA:651,120,1,0
BRDA:651,121,0,0
BRDA:651,121,1,0
BRDA:655,122,0,0
BRDA:655,122,1,0
BRDA:656,123,0,0
BRDA:656,123,1,0
BRDA:662,124,0,0
BRDA:662,124,1,0
BRDA:672,125,0,0
BRDA:672,125,1,0
BRDA:673,126,0,0
BRDA:673,126,1,0
BRDA:679,127,0,0
BRDA:679,127,1,0
BRDA:679,128,0,0
BRDA:679,128,1,0
BRF:261
BRH:148
end_of_record
TN:
SF:models\services\BaseService.js
FN:9,(anonymous_0)
FN:19,(anonymous_1)
FN:59,(anonymous_2)
FN:80,(anonymous_3)
FN:117,(anonymous_4)
FN:134,(anonymous_5)
FN:187,(anonymous_6)
FN:213,(anonymous_7)
FN:238,(anonymous_8)
FN:255,(anonymous_9)
FN:272,(anonymous_10)
FN:289,(anonymous_11)
FNF:12
FNH:7
FNDA:39,(anonymous_0)
FNDA:39,(anonymous_1)
FNDA:8,(anonymous_2)
FNDA:9,(anonymous_3)
FNDA:32,(anonymous_4)
FNDA:5,(anonymous_5)
FNDA:0,(anonymous_6)
FNDA:2,(anonymous_7)
FNDA:0,(anonymous_8)
FNDA:0,(anonymous_9)
FNDA:0,(anonymous_10)
FNDA:0,(anonymous_11)
DA:1,9
DA:10,39
DA:11,39
DA:12,39
DA:13,39
DA:20,39
DA:22,39
DA:23,39
DA:30,39
DA:31,39
DA:32,39
DA:33,0
DA:37,39
DA:39,39
DA:40,0
DA:43,39
DA:51,0
DA:52,0
DA:60,8
DA:61,8
DA:62,0
DA:65,8
DA:67,8
DA:72,0
DA:73,0
DA:81,9
DA:87,9
DA:89,9
DA:95,9
DA:96,9
DA:98,9
DA:109,0
DA:110,0
DA:118,32
DA:119,32
DA:121,32
DA:126,0
DA:127,0
DA:135,5
DA:136,5
DA:137,0
DA:141,5
DA:147,5
DA:149,5
DA:150,5
DA:151,0
DA:154,5
DA:155,5
DA:156,5
DA:157,0
DA:161,5
DA:166,5
DA:167,0
DA:171,5
DA:173,5
DA:179,0
DA:180,0
DA:188,0
DA:189,0
DA:194,0
DA:199,0
DA:205,0
DA:206,0
DA:214,2
DA:215,2
DA:216,0
DA:219,2
DA:221,2
DA:222,0
DA:225,2
DA:230,0
DA:231,0
DA:239,0
DA:240,0
DA:242,0
DA:247,0
DA:248,0
DA:256,0
DA:257,0
DA:259,0
DA:264,0
DA:265,0
DA:273,0
DA:274,0
DA:276,0
DA:281,0
DA:282,0
DA:290,0
DA:291,0
DA:293,0
DA:298,0
DA:299,0
DA:304,9
LF:93
LH:46
BRDA:30,0,0,39
BRDA:30,0,1,0
BRDA:32,1,0,0
BRDA:32,1,1,39
BRDA:39,2,0,0
BRDA:39,2,1,39
BRDA:61,3,0,0
BRDA:61,3,1,8
BRDA:80,4,0,0
BRDA:80,5,0,0
BRDA:83,6,0,6
BRDA:84,7,0,9
BRDA:85,8,0,0
BRDA:86,9,0,8
BRDA:136,10,0,0
BRDA:136,10,1,5
BRDA:147,11,0,5
BRDA:147,11,1,0
BRDA:147,12,0,5
BRDA:147,12,1,5
BRDA:150,13,0,0
BRDA:150,13,1,5
BRDA:156,14,0,0
BRDA:156,14,1,5
BRDA:166,15,0,0
BRDA:166,15,1,5
BRDA:215,16,0,0
BRDA:215,16,1,2
BRDA:221,17,0,0
BRDA:221,17,1,2
BRDA:255,18,0,0
BRF:31
BRH:16
end_of_record
TN:
SF:models\services\ContactService.js
FN:11,(anonymous_0)
FN:18,(anonymous_1)
FN:54,(anonymous_2)
FN:79,(anonymous_3)
FN:96,(anonymous_4)
FN:112,(anonymous_5)
FN:137,(anonymous_6)
FN:162,(anonymous_7)
FN:181,(anonymous_8)
FN:205,(anonymous_9)
FN:230,(anonymous_10)
FN:255,(anonymous_11)
FN:277,(anonymous_12)
FN:314,(anonymous_13)
FN:335,(anonymous_14)
FNF:15
FNH:7
FNDA:4,(anonymous_0)
FNDA:3,(anonymous_1)
FNDA:5,(anonymous_2)
FNDA:1,(anonymous_3)
FNDA:3,(anonymous_4)
FNDA:1,(anonymous_5)
FNDA:0,(anonymous_6)
FNDA:1,(anonymous_7)
FNDA:0,(anonymous_8)
FNDA:0,(anonymous_9)
FNDA:0,(anonymous_10)
FNDA:0,(anonymous_11)
FNDA:0,(anonymous_12)
FNDA:0,(anonymous_13)
FNDA:0,(anonymous_14)
DA:1,9
DA:2,9
DA:3,9
DA:12,4
DA:19,3
DA:20,3
DA:21,0
DA:24,3
DA:27,3
DA:28,3
DA:32,3
DA:33,0
DA:37,3
DA:38,1
DA:41,3
DA:46,0
DA:47,0
DA:55,5
DA:57,5
DA:58,0
DA:62,5
DA:63,0
DA:65,5
DA:66,0
DA:69,5
DA:71,0
DA:72,0
DA:80,1
DA:81,1
DA:82,0
DA:85,1
DA:86,0
DA:89,1
DA:90,1
DA:91,0
DA:95,1
DA:96,1
DA:97,3
DA:98,0
DA:102,1
DA:104,0
DA:105,0
DA:113,1
DA:114,1
DA:115,0
DA:118,1
DA:119,0
DA:122,1
DA:123,1
DA:124,0
DA:127,1
DA:129,0
DA:130,0
DA:138,0
DA:139,0
DA:140,0
DA:143,0
DA:144,0
DA:147,0
DA:148,0
DA:149,0
DA:152,0
DA:154,0
DA:155,0
DA:163,1
DA:164,1
DA:165,0
DA:168,1
DA:173,0
DA:174,0
DA:182,0
DA:183,0
DA:184,0
DA:187,0
DA:188,0
DA:189,0
DA:192,0
DA:197,0
DA:198,0
DA:206,0
DA:207,0
DA:208,0
DA:211,0
DA:212,0
DA:215,0
DA:216,0
DA:217,0
DA:220,0
DA:222,0
DA:223,0
DA:231,0
DA:232,0
DA:233,0
DA:236,0
DA:246,0
DA:249,0
DA:255,0
DA:256,0
DA:257,0
DA:258,0
DA:264,0
DA:269,0
DA:270,0
DA:278,0
DA:279,0
DA:280,0
DA:282,0
DA:283,0
DA:286,0
DA:297,0
DA:298,0
DA:301,0
DA:306,0
DA:307,0
DA:315,0
DA:316,0
DA:317,0
DA:320,0
DA:322,0
DA:327,0
DA:328,0
DA:336,0
DA:337,0
DA:338,0
DA:340,0
DA:341,0
DA:344,0
DA:345,0
DA:347,0
DA:348,0
DA:349,0
DA:355,0
DA:356,0
DA:358,0
DA:365,0
DA:375,0
DA:376,0
DA:381,9
LF:138
LH:37
BRDA:18,0,0,0
BRDA:20,1,0,0
BRDA:20,1,1,3
BRDA:27,2,0,3
BRDA:27,2,1,0
BRDA:32,3,0,0
BRDA:32,3,1,3
BRDA:37,4,0,1
BRDA:37,4,1,2
BRDA:57,5,0,0
BRDA:57,5,1,5
BRDA:57,6,0,5
BRDA:57,6,1,5
BRDA:62,7,0,0
BRDA:62,7,1,5
BRDA:65,8,0,0
BRDA:65,8,1,5
BRDA:79,9,0,0
BRDA:81,10,0,0
BRDA:81,10,1,1
BRDA:85,11,0,0
BRDA:85,11,1,1
BRDA:90,12,0,0
BRDA:90,12,1,1
BRDA:97,13,0,0
BRDA:97,13,1,3
BRDA:112,14,0,0
BRDA:114,15,0,0
BRDA:114,15,1,1
BRDA:118,16,0,0
BRDA:118,16,1,1
BRDA:123,17,0,0
BRDA:123,17,1,1
BRDA:137,18,0,0
BRDA:139,19,0,0
BRDA:139,19,1,0
BRDA:143,20,0,0
BRDA:143,20,1,0
BRDA:148,21,0,0
BRDA:148,21,1,0
BRDA:162,22,0,1
BRDA:164,23,0,0
BRDA:164,23,1,1
BRDA:181,24,0,0
BRDA:183,25,0,0
BRDA:183,25,1,0
BRDA:188,26,0,0
BRDA:188,26,1,0
BRDA:205,27,0,0
BRDA:207,28,0,0
BRDA:207,28,1,0
BRDA:211,29,0,0
BRDA:211,29,1,0
BRDA:216,30,0,0
BRDA:216,30,1,0
BRDA:232,31,0,0
BRDA:232,31,1,0
BRDA:277,32,0,0
BRDA:279,33,0,0
BRDA:279,33,1,0
BRDA:282,34,0,0
BRDA:282,34,1,0
BRDA:282,35,0,0
BRDA:282,35,1,0
BRDA:297,36,0,0
BRDA:297,36,1,0
BRDA:314,37,0,0
BRDA:316,38,0,0
BRDA:316,38,1,0
BRDA:316,39,0,0
BRDA:316,39,1,0
BRDA:337,40,0,0
BRDA:337,40,1,0
BRDA:340,41,0,0
BRDA:340,41,1,0
BRDA:340,42,0,0
BRDA:340,42,1,0
BRDA:359,43,0,0
BRDA:359,43,1,0
BRF:79
BRH:19
end_of_record
TN:
SF:models\services\ForumService.js
FN:11,(anonymous_0)
FN:18,(anonymous_1)
FN:49,(anonymous_2)
FN:77,(anonymous_3)
FN:107,(anonymous_4)
FN:126,(anonymous_5)
FN:143,(anonymous_6)
FN:169,(anonymous_7)
FN:190,(anonymous_8)
FN:211,(anonymous_9)
FN:235,(anonymous_10)
FN:254,(anonymous_11)
FN:283,(anonymous_12)
FN:309,(anonymous_13)
FN:344,(anonymous_14)
FNF:15
FNH:7
FNDA:4,(anonymous_0)
FNDA:1,(anonymous_1)
FNDA:4,(anonymous_2)
FNDA:1,(anonymous_3)
FNDA:1,(anonymous_4)
FNDA:6,(anonymous_5)
FNDA:1,(anonymous_6)
FNDA:0,(anonymous_7)
FNDA:0,(anonymous_8)
FNDA:0,(anonymous_9)
FNDA:0,(anonymous_10)
FNDA:0,(anonymous_11)
FNDA:0,(anonymous_12)
FNDA:0,(anonymous_13)
FNDA:0,(anonymous_14)
DA:1,9
DA:2,9
DA:3,9
DA:12,4
DA:19,1
DA:20,1
DA:21,0
DA:24,1
DA:27,1
DA:28,0
DA:32,1
DA:33,0
DA:36,1
DA:41,0
DA:42,0
DA:50,4
DA:52,4
DA:53,0
DA:57,4
DA:58,0
DA:60,4
DA:61,0
DA:63,4
DA:64,0
DA:67,4
DA:69,0
DA:70,0
DA:78,1
DA:79,1
DA:80,0
DA:83,1
DA:84,1
DA:85,0
DA:88,1
DA:95,1
DA:97,1
DA:99,0
DA:100,0
DA:108,1
DA:109,1
DA:110,0
DA:113,1
DA:114,1
DA:115,0
DA:119,1
DA:120,0
DA:124,1
DA:125,1
DA:126,1
DA:127,6
DA:128,0
DA:133,1
DA:135,0
DA:136,0
DA:144,1
DA:145,1
DA:146,0
DA:149,1
DA:150,1
DA:151,0
DA:155,1
DA:156,0
DA:159,1
DA:161,0
DA:162,0
DA:170,0
DA:171,0
DA:172,0
DA:175,0
DA:176,0
DA:177,0
DA:180,0
DA:182,0
DA:183,0
DA:191,0
DA:192,0
DA:193,0
DA:196,0
DA:197,0
DA:198,0
DA:201,0
DA:203,0
DA:204,0
DA:212,0
DA:213,0
DA:214,0
DA:217,0
DA:218,0
DA:219,0
DA:222,0
DA:227,0
DA:228,0
DA:236,0
DA:237,0
DA:238,0
DA:241,0
DA:246,0
DA:247,0
DA:255,0
DA:256,0
DA:257,0
DA:260,0
DA:272,0
DA:275,0
DA:283,0
DA:284,0
DA:285,0
DA:286,0
DA:287,0
DA:288,0
DA:296,0
DA:301,0
DA:302,0
DA:310,0
DA:311,0
DA:312,0
DA:314,0
DA:315,0
DA:318,0
DA:327,0
DA:328,0
DA:331,0
DA:336,0
DA:337,0
DA:345,0
DA:346,0
DA:347,0
DA:350,0
DA:352,0
DA:357,0
DA:358,0
DA:363,9
LF:132
LH:40
BRDA:18,0,0,0
BRDA:20,1,0,0
BRDA:20,1,1,1
BRDA:27,2,0,0
BRDA:27,2,1,1
BRDA:32,3,0,0
BRDA:32,3,1,1
BRDA:52,4,0,0
BRDA:52,4,1,4
BRDA:52,5,0,4
BRDA:52,5,1,4
BRDA:57,6,0,0
BRDA:57,6,1,4
BRDA:60,7,0,0
BRDA:60,7,1,4
BRDA:63,8,0,0
BRDA:63,8,1,4
BRDA:79,9,0,0
BRDA:79,9,1,1
BRDA:84,10,0,0
BRDA:84,10,1,1
BRDA:107,11,0,0
BRDA:109,12,0,0
BRDA:109,12,1,1
BRDA:114,13,0,0
BRDA:114,13,1,1
BRDA:119,14,0,0
BRDA:119,14,1,1
BRDA:119,15,0,1
BRDA:119,15,1,1
BRDA:124,16,0,1
BRDA:124,16,1,0
BRDA:127,17,0,0
BRDA:127,17,1,6
BRDA:143,18,0,0
BRDA:145,19,0,0
BRDA:145,19,1,1
BRDA:150,20,0,0
BRDA:150,20,1,1
BRDA:155,21,0,0
BRDA:155,21,1,1
BRDA:155,22,0,1
BRDA:155,22,1,1
BRDA:171,23,0,0
BRDA:171,23,1,0
BRDA:176,24,0,0
BRDA:176,24,1,0
BRDA:192,25,0,0
BRDA:192,25,1,0
BRDA:197,26,0,0
BRDA:197,26,1,0
BRDA:211,27,0,0
BRDA:213,28,0,0
BRDA:213,28,1,0
BRDA:218,29,0,0
BRDA:218,29,1,0
BRDA:235,30,0,0
BRDA:237,31,0,0
BRDA:237,31,1,0
BRDA:256,32,0,0
BRDA:256,32,1,0
BRDA:309,33,0,0
BRDA:311,34,0,0
BRDA:311,34,1,0
BRDA:314,35,0,0
BRDA:314,35,1,0
BRDA:314,36,0,0
BRDA:314,36,1,0
BRDA:327,37,0,0
BRDA:327,37,1,0
BRDA:344,38,0,0
BRDA:346,39,0,0
BRDA:346,39,1,0
BRDA:346,40,0,0
BRDA:346,40,1,0
BRF:75
BRH:23
end_of_record
TN:
SF:models\services\JoinRequestService.js
FN:11,(anonymous_0)
FN:18,(anonymous_1)
FN:52,(anonymous_2)
FN:109,(anonymous_3)
FN:125,(anonymous_4)
FN:161,(anonymous_5)
FN:202,(anonymous_6)
FN:246,(anonymous_7)
FN:264,(anonymous_8)
FN:275,(anonymous_9)
FN:313,(anonymous_10)
FN:328,(anonymous_11)
FN:367,(anonymous_12)
FN:398,(anonymous_13)
FN:414,(anonymous_14)
FNF:15
FNH:1
FNDA:1,(anonymous_0)
FNDA:0,(anonymous_1)
FNDA:0,(anonymous_2)
FNDA:0,(anonymous_3)
FNDA:0,(anonymous_4)
FNDA:0,(anonymous_5)
FNDA:0,(anonymous_6)
FNDA:0,(anonymous_7)
FNDA:0,(anonymous_8)
FNDA:0,(anonymous_9)
FNDA:0,(anonymous_10)
FNDA:0,(anonymous_11)
FNDA:0,(anonymous_12)
FNDA:0,(anonymous_13)
FNDA:0,(anonymous_14)
DA:1,9
DA:2,9
DA:3,9
DA:12,1
DA:19,0
DA:21,0
DA:27,0
DA:28,0
DA:34,0
DA:35,0
DA:39,0
DA:40,0
DA:42,0
DA:44,0
DA:45,0
DA:53,0
DA:54,0
DA:55,0
DA:58,0
DA:61,0
DA:62,0
DA:66,0
DA:67,0
DA:71,0
DA:72,0
DA:73,0
DA:74,0
DA:76,0
DA:77,0
DA:82,0
DA:83,0
DA:84,0
DA:92,0
DA:93,0
DA:95,0
DA:101,0
DA:102,0
DA:110,0
DA:111,0
DA:112,0
DA:115,0
DA:117,0
DA:118,0
DA:126,0
DA:127,0
DA:128,0
DA:131,0
DA:132,0
DA:135,0
DA:136,0
DA:137,0
DA:140,0
DA:141,0
DA:144,0
DA:151,0
DA:153,0
DA:154,0
DA:162,0
DA:163,0
DA:164,0
DA:167,0
DA:168,0
DA:171,0
DA:172,0
DA:175,0
DA:176,0
DA:177,0
DA:180,0
DA:181,0
DA:184,0
DA:192,0
DA:194,0
DA:195,0
DA:203,0
DA:204,0
DA:205,0
DA:208,0
DA:211,0
DA:212,0
DA:216,0
DA:217,0
DA:218,0
DA:219,0
DA:221,0
DA:222,0
DA:226,0
DA:236,0
DA:239,0
DA:246,0
DA:247,0
DA:248,0
DA:251,0
DA:256,0
DA:257,0
DA:265,0
DA:266,0
DA:267,0
DA:270,0
DA:271,0
DA:275,0
DA:276,0
DA:277,0
DA:279,0
DA:282,0
DA:289,0
DA:297,0
DA:305,0
DA:306,0
DA:314,0
DA:315,0
DA:316,0
DA:319,0
DA:320,0
DA:323,0
DA:324,0
DA:328,0
DA:329,0
DA:330,0
DA:332,0
DA:335,0
DA:343,0
DA:351,0
DA:359,0
DA:360,0
DA:368,0
DA:369,0
DA:370,0
DA:373,0
DA:379,0
DA:380,0
DA:383,0
DA:385,0
DA:390,0
DA:391,0
DA:399,0
DA:400,0
DA:401,0
DA:404,0
DA:406,0
DA:407,0
DA:415,0
DA:416,0
DA:417,0
DA:420,0
DA:422,0
DA:423,0
DA:428,9
LF:147
LH:5
BRDA:27,0,0,0
BRDA:27,0,1,0
BRDA:34,1,0,0
BRDA:34,1,1,0
BRDA:34,2,0,0
BRDA:34,2,1,0
BRDA:40,3,0,0
BRDA:40,3,1,0
BRDA:52,4,0,0
BRDA:54,5,0,0
BRDA:54,5,1,0
BRDA:61,6,0,0
BRDA:61,6,1,0
BRDA:66,7,0,0
BRDA:66,7,1,0
BRDA:66,8,0,0
BRDA:66,8,1,0
BRDA:71,9,0,0
BRDA:71,9,1,0
BRDA:71,10,0,0
BRDA:71,10,1,0
BRDA:73,11,0,0
BRDA:73,11,1,0
BRDA:76,12,0,0
BRDA:76,12,1,0
BRDA:82,13,0,0
BRDA:82,13,1,0
BRDA:92,14,0,0
BRDA:92,14,1,0
BRDA:97,15,0,0
BRDA:97,15,1,0
BRDA:98,16,0,0
BRDA:98,16,1,0
BRDA:111,17,0,0
BRDA:111,17,1,0
BRDA:127,18,0,0
BRDA:127,18,1,0
BRDA:131,19,0,0
BRDA:131,19,1,0
BRDA:131,20,0,0
BRDA:131,20,1,0
BRDA:136,21,0,0
BRDA:136,21,1,0
BRDA:140,22,0,0
BRDA:140,22,1,0
BRDA:163,23,0,0
BRDA:163,23,1,0
BRDA:167,24,0,0
BRDA:167,24,1,0
BRDA:167,25,0,0
BRDA:167,25,1,0
BRDA:171,26,0,0
BRDA:171,26,1,0
BRDA:171,27,0,0
BRDA:171,27,1,0
BRDA:176,28,0,0
BRDA:176,28,1,0
BRDA:180,29,0,0
BRDA:180,29,1,0
BRDA:202,30,0,0
BRDA:204,31,0,0
BRDA:204,31,1,0
BRDA:211,32,0,0
BRDA:211,32,1,0
BRDA:211,33,0,0
BRDA:211,33,1,0
BRDA:216,34,0,0
BRDA:216,34,1,0
BRDA:216,35,0,0
BRDA:216,35,1,0
BRDA:218,36,0,0
BRDA:218,36,1,0
BRDA:221,37,0,0
BRDA:221,37,1,0
BRDA:266,38,0,0
BRDA:266,38,1,0
BRDA:266,39,0,0
BRDA:266,39,1,0
BRDA:270,40,0,0
BRDA:270,40,1,0
BRDA:270,41,0,0
BRDA:270,41,1,0
BRDA:276,42,0,0
BRDA:276,42,1,0
BRDA:315,43,0,0
BRDA:315,43,1,0
BRDA:315,44,0,0
BRDA:315,44,1,0
BRDA:319,45,0,0
BRDA:319,45,1,0
BRDA:319,46,0,0
BRDA:319,46,1,0
BRDA:323,47,0,0
BRDA:323,47,1,0
BRDA:323,48,0,0
BRDA:323,48,1,0
BRDA:329,49,0,0
BRDA:329,49,1,0
BRDA:367,50,0,0
BRDA:369,51,0,0
BRDA:369,51,1,0
BRDA:379,52,0,0
BRDA:379,52,1,0
BRDA:379,53,0,0
BRDA:379,53,1,0
BRDA:400,54,0,0
BRDA:400,54,1,0
BRDA:416,55,0,0
BRDA:416,55,1,0
BRDA:416,56,0,0
BRDA:416,56,1,0
BRF:111
BRH:0
end_of_record
TN:
SF:models\services\MaintenanceService.js
FN:11,(anonymous_0)
FN:18,(anonymous_1)
FN:55,(anonymous_2)
FN:90,(anonymous_3)
FN:125,(anonymous_4)
FN:158,(anonymous_5)
FN:204,(anonymous_6)
FN:234,(anonymous_7)
FN:274,(anonymous_8)
FN:308,(anonymous_9)
FN:340,(anonymous_10)
FN:360,(anonymous_11)
FN:423,(anonymous_12)
FN:462,(anonymous_13)
FNF:14
FNH:4
FNDA:2,(anonymous_0)
FNDA:0,(anonymous_1)
FNDA:0,(anonymous_2)
FNDA:0,(anonymous_3)
FNDA:0,(anonymous_4)
FNDA:3,(anonymous_5)
FNDA:2,(anonymous_6)
FNDA:2,(anonymous_7)
FNDA:0,(anonymous_8)
FNDA:0,(anonymous_9)
FNDA:0,(anonymous_10)
FNDA:0,(anonymous_11)
FNDA:0,(anonymous_12)
FNDA:0,(anonymous_13)
DA:1,9
DA:2,9
DA:3,9
DA:12,2
DA:19,0
DA:20,0
DA:21,0
DA:24,0
DA:27,0
DA:28,0
DA:32,0
DA:33,0
DA:34,0
DA:35,0
DA:37,0
DA:38,0
DA:42,0
DA:47,0
DA:48,0
DA:56,0
DA:57,0
DA:58,0
DA:61,0
DA:64,0
DA:65,0
DA:67,0
DA:68,0
DA:70,0
DA:71,0
DA:74,0
DA:79,0
DA:83,0
DA:91,0
DA:93,0
DA:97,0
DA:101,0
DA:102,0
DA:106,0
DA:111,0
DA:112,0
DA:115,0
DA:117,0
DA:118,0
DA:126,0
DA:127,0
DA:128,0
DA:131,0
DA:132,0
DA:133,0
DA:136,0
DA:137,0
DA:140,0
DA:148,0
DA:150,0
DA:151,0
DA:159,3
DA:160,3
DA:161,1
DA:164,2
DA:165,1
DA:168,1
DA:169,1
DA:170,0
DA:173,1
DA:174,0
DA:177,1
DA:194,1
DA:196,2
DA:197,2
DA:205,2
DA:206,2
DA:207,0
DA:210,2
DA:217,2
DA:218,1
DA:221,2
DA:226,0
DA:227,0
DA:235,2
DA:236,2
DA:237,0
DA:240,2
DA:246,2
DA:247,1
DA:251,2
DA:252,0
DA:253,0
DA:254,0
DA:256,0
DA:257,0
DA:261,2
DA:266,0
DA:267,0
DA:275,0
DA:276,0
DA:281,0
DA:282,0
DA:283,0
DA:285,0
DA:289,0
DA:292,0
DA:293,0
DA:297,0
DA:301,0
DA:309,0
DA:310,0
DA:311,0
DA:314,0
DA:326,0
DA:329,0
DA:340,0
DA:341,0
DA:342,0
DA:343,0
DA:344,0
DA:347,0
DA:352,0
DA:353,0
DA:361,0
DA:362,0
DA:363,0
DA:367,0
DA:368,0
DA:372,0
DA:373,0
DA:376,0
DA:377,0
DA:379,0
DA:380,0
DA:381,0
DA:392,0
DA:393,0
DA:395,0
DA:402,0
DA:412,0
DA:416,0
DA:424,0
DA:425,0
DA:426,0
DA:429,0
DA:441,0
DA:444,0
DA:450,0
DA:462,0
DA:463,0
DA:464,0
DA:465,0
DA:466,0
DA:469,0
DA:474,0
DA:475,0
DA:480,9
LF:152
LH:30
BRDA:18,0,0,0
BRDA:20,1,0,0
BRDA:20,1,1,0
BRDA:20,2,0,0
BRDA:20,2,1,0
BRDA:27,3,0,0
BRDA:27,3,1,0
BRDA:32,4,0,0
BRDA:32,4,1,0
BRDA:32,5,0,0
BRDA:32,5,1,0
BRDA:34,6,0,0
BRDA:34,6,1,0
BRDA:37,7,0,0
BRDA:37,7,1,0
BRDA:55,8,0,0
BRDA:57,9,0,0
BRDA:57,9,1,0
BRDA:64,10,0,0
BRDA:64,10,1,0
BRDA:67,11,0,0
BRDA:67,11,1,0
BRDA:70,12,0,0
BRDA:70,12,1,0
BRDA:93,13,0,0
BRDA:93,13,1,0
BRDA:94,14,0,0
BRDA:94,14,1,0
BRDA:101,15,0,0
BRDA:101,15,1,0
BRDA:111,16,0,0
BRDA:111,16,1,0
BRDA:127,17,0,0
BRDA:127,17,1,0
BRDA:132,18,0,0
BRDA:132,18,1,0
BRDA:136,19,0,0
BRDA:136,19,1,0
BRDA:145,20,0,0
BRDA:145,20,1,0
BRDA:160,21,0,1
BRDA:160,21,1,2
BRDA:164,22,0,1
BRDA:164,22,1,1
BRDA:164,23,0,2
BRDA:164,23,1,1
BRDA:169,24,0,0
BRDA:169,24,1,1
BRDA:173,25,0,0
BRDA:173,25,1,1
BRDA:204,26,0,1
BRDA:206,27,0,0
BRDA:206,27,1,2
BRDA:217,28,0,1
BRDA:217,28,1,1
BRDA:234,29,0,1
BRDA:236,30,0,0
BRDA:236,30,1,2
BRDA:246,31,0,1
BRDA:246,31,1,1
BRDA:251,32,0,0
BRDA:251,32,1,2
BRDA:251,33,0,2
BRDA:251,33,1,2
BRDA:253,34,0,0
BRDA:253,34,1,0
BRDA:256,35,0,0
BRDA:256,35,1,0
BRDA:274,36,0,0
BRDA:281,37,0,0
BRDA:281,37,1,0
BRDA:282,38,0,0
BRDA:282,38,1,0
BRDA:310,39,0,0
BRDA:310,39,1,0
BRDA:362,40,0,0
BRDA:362,40,1,0
BRDA:372,41,0,0
BRDA:372,41,1,0
BRDA:372,42,0,0
BRDA:372,42,1,0
BRDA:385,43,0,0
BRDA:385,43,1,0
BRDA:425,44,0,0
BRDA:425,44,1,0
BRDA:425,45,0,0
BRDA:425,45,1,0
BRF:87
BRH:19
end_of_record
TN:
SF:models\services\SocietyService.js
FN:11,(anonymous_0)
FN:18,(anonymous_1)
FN:34,(anonymous_2)
FN:57,(anonymous_3)
FN:89,(anonymous_4)
FN:115,(anonymous_5)
FN:149,(anonymous_6)
FN:163,(anonymous_7)
FN:180,(anonymous_8)
FN:210,(anonymous_9)
FNF:10
FNH:4
FNDA:16,(anonymous_0)
FNDA:16,(anonymous_1)
FNDA:1,(anonymous_2)
FNDA:16,(anonymous_3)
FNDA:0,(anonymous_4)
FNDA:0,(anonymous_5)
FNDA:0,(anonymous_6)
FNDA:0,(anonymous_7)
FNDA:0,(anonymous_8)
FNDA:0,(anonymous_9)
DA:1,9
DA:2,9
DA:3,9
DA:12,16
DA:19,16
DA:20,16
DA:21,0
DA:24,16
DA:26,0
DA:27,0
DA:35,1
DA:36,1
DA:43,1
DA:49,0
DA:50,0
DA:58,16
DA:60,16
DA:61,16
DA:62,0
DA:66,16
DA:67,0
DA:75,16
DA:76,0
DA:79,16
DA:81,0
DA:82,0
DA:90,0
DA:91,0
DA:92,0
DA:95,0
DA:96,0
DA:97,0
DA:100,0
DA:105,0
DA:107,0
DA:108,0
DA:116,0
DA:117,0
DA:118,0
DA:120,0
DA:121,0
DA:124,0
DA:125,0
DA:126,0
DA:130,0
DA:131,0
DA:138,0
DA:139,0
DA:141,0
DA:142,0
DA:150,0
DA:151,0
DA:152,0
DA:154,0
DA:155,0
DA:158,0
DA:159,0
DA:160,0
DA:163,0
DA:166,0
DA:167,0
DA:170,0
DA:172,0
DA:173,0
DA:181,0
DA:182,0
DA:183,0
DA:185,0
DA:186,0
DA:189,0
DA:190,0
DA:191,0
DA:194,0
DA:196,0
DA:202,0
DA:203,0
DA:211,0
DA:212,0
DA:213,0
DA:216,0
DA:217,0
DA:218,0
DA:222,0
DA:223,0
DA:226,0
DA:227,0
DA:228,0
DA:229,0
DA:230,0
DA:231,0
DA:235,0
DA:238,0
DA:251,0
DA:252,0
DA:257,9
LF:95
LH:17
BRDA:20,0,0,0
BRDA:20,0,1,16
BRDA:20,1,0,16
BRDA:20,1,1,16
BRDA:34,2,0,1
BRDA:61,3,0,0
BRDA:61,3,1,16
BRDA:66,4,0,0
BRDA:66,4,1,16
BRDA:75,5,0,0
BRDA:75,5,1,16
BRDA:91,6,0,0
BRDA:91,6,1,0
BRDA:96,7,0,0
BRDA:96,7,1,0
BRDA:117,8,0,0
BRDA:117,8,1,0
BRDA:120,9,0,0
BRDA:120,9,1,0
BRDA:120,10,0,0
BRDA:120,10,1,0
BRDA:125,11,0,0
BRDA:125,11,1,0
BRDA:130,12,0,0
BRDA:130,12,1,0
BRDA:151,13,0,0
BRDA:151,13,1,0
BRDA:154,14,0,0
BRDA:154,14,1,0
BRDA:154,15,0,0
BRDA:154,15,1,0
BRDA:159,16,0,0
BRDA:159,16,1,0
BRDA:166,17,0,0
BRDA:166,17,1,0
BRDA:182,18,0,0
BRDA:182,18,1,0
BRDA:185,19,0,0
BRDA:185,19,1,0
BRDA:185,20,0,0
BRDA:185,20,1,0
BRDA:190,21,0,0
BRDA:190,21,1,0
BRDA:212,22,0,0
BRDA:212,22,1,0
BRDA:217,23,0,0
BRDA:217,23,1,0
BRDA:230,24,0,0
BRDA:230,24,1,0
BRDA:245,25,0,0
BRDA:245,25,1,0
BRF:51
BRH:7
end_of_record
TN:
SF:models\services\UserService.js
FN:11,(anonymous_0)
FN:18,(anonymous_1)
FN:34,(anonymous_2)
FN:57,(anonymous_3)
FN:85,(anonymous_4)
FN:112,(anonymous_5)
FN:126,(anonymous_6)
FN:142,(anonymous_7)
FN:159,(anonymous_8)
FN:184,(anonymous_9)
FN:202,(anonymous_10)
FN:230,(anonymous_11)
FN:279,(anonymous_12)
FN:299,(anonymous_13)
FN:333,(anonymous_14)
FN:359,(anonymous_15)
FN:394,(anonymous_16)
FN:423,(anonymous_17)
FNF:18
FNH:6
FNDA:12,(anonymous_0)
FNDA:16,(anonymous_1)
FNDA:0,(anonymous_2)
FNDA:0,(anonymous_3)
FNDA:10,(anonymous_4)
FNDA:1,(anonymous_5)
FNDA:4,(anonymous_6)
FNDA:0,(anonymous_7)
FNDA:0,(anonymous_8)
FNDA:0,(anonymous_9)
FNDA:2,(anonymous_10)
FNDA:0,(anonymous_11)
FNDA:0,(anonymous_12)
FNDA:0,(anonymous_13)
FNDA:0,(anonymous_14)
FNDA:0,(anonymous_15)
FNDA:0,(anonymous_16)
FNDA:0,(anonymous_17)
DA:1,9
DA:2,9
DA:3,9
DA:12,12
DA:19,16
DA:20,16
DA:21,0
DA:24,16
DA:26,0
DA:27,0
DA:35,0
DA:36,0
DA:37,0
DA:40,0
DA:43,0
DA:44,0
DA:47,0
DA:49,0
DA:50,0
DA:58,0
DA:59,0
DA:60,0
DA:62,0
DA:63,0
DA:66,0
DA:71,0
DA:72,0
DA:75,0
DA:77,0
DA:78,0
DA:86,10
DA:88,10
DA:89,10
DA:90,1
DA:94,9
DA:95,0
DA:99,9
DA:100,9
DA:102,9
DA:104,1
DA:105,1
DA:113,1
DA:114,1
DA:115,1
DA:116,0
DA:120,1
DA:126,1
DA:127,4
DA:128,0
DA:132,1
DA:134,0
DA:135,0
DA:143,0
DA:144,0
DA:145,0
DA:146,0
DA:149,0
DA:151,0
DA:152,0
DA:160,0
DA:161,0
DA:162,0
DA:165,0
DA:176,0
DA:179,0
DA:184,0
DA:185,0
DA:186,0
DA:189,0
DA:194,0
DA:195,0
DA:203,2
DA:204,2
DA:205,0
DA:208,2
DA:209,2
DA:210,0
DA:213,2
DA:215,2
DA:222,0
DA:223,0
DA:231,0
DA:232,0
DA:233,0
DA:236,0
DA:242,0
DA:243,0
DA:246,0
DA:247,0
DA:251,0
DA:252,0
DA:253,0
DA:261,0
DA:263,0
DA:265,0
DA:271,0
DA:272,0
DA:280,0
DA:281,0
DA:282,0
DA:283,0
DA:286,0
DA:291,0
DA:292,0
DA:305,0
DA:306,0
DA:307,0
DA:308,0
DA:311,0
DA:312,0
DA:313,0
DA:316,0
DA:323,0
DA:325,0
DA:326,0
DA:334,0
DA:335,0
DA:336,0
DA:337,0
DA:340,0
DA:349,0
DA:351,0
DA:352,0
DA:360,0
DA:361,0
DA:362,0
DA:365,0
DA:372,0
DA:373,0
DA:376,0
DA:380,0
DA:386,0
DA:387,0
DA:395,0
DA:396,0
DA:397,0
DA:398,0
DA:401,0
DA:402,0
DA:405,0
DA:413,0
DA:415,0
DA:416,0
DA:424,0
DA:425,0
DA:426,0
DA:429,0
DA:430,0
DA:433,0
DA:440,0
DA:441,0
DA:444,0
DA:445,0
DA:446,0
DA:449,0
DA:453,0
DA:459,0
DA:460,0
DA:465,9
LF:159
LH:31
BRDA:20,0,0,0
BRDA:20,0,1,16
BRDA:20,1,0,16
BRDA:20,1,1,16
BRDA:34,2,0,0
BRDA:36,3,0,0
BRDA:36,3,1,0
BRDA:43,4,0,0
BRDA:43,4,1,0
BRDA:57,5,0,0
BRDA:59,6,0,0
BRDA:59,6,1,0
BRDA:62,7,0,0
BRDA:62,7,1,0
BRDA:62,8,0,0
BRDA:62,8,1,0
BRDA:71,9,0,0
BRDA:71,9,1,0
BRDA:89,10,0,1
BRDA:89,10,1,9
BRDA:94,11,0,0
BRDA:94,11,1,9
BRDA:94,12,0,9
BRDA:94,12,1,9
BRDA:115,13,0,0
BRDA:115,13,1,1
BRDA:127,14,0,0
BRDA:127,14,1,4
BRDA:145,15,0,0
BRDA:145,15,1,0
BRDA:161,16,0,0
BRDA:161,16,1,0
BRDA:204,17,0,0
BRDA:204,17,1,2
BRDA:209,18,0,0
BRDA:209,18,1,2
BRDA:219,19,0,1
BRDA:219,19,1,1
BRDA:230,20,0,0
BRDA:232,21,0,0
BRDA:232,21,1,0
BRDA:242,22,0,0
BRDA:242,22,1,0
BRDA:246,23,0,0
BRDA:246,23,1,0
BRDA:251,24,0,0
BRDA:251,24,1,0
BRDA:267,25,0,0
BRDA:267,25,1,0
BRDA:268,26,0,0
BRDA:268,26,1,0
BRDA:282,27,0,0
BRDA:282,27,1,0
BRDA:302,28,0,0
BRDA:303,29,0,0
BRDA:307,30,0,0
BRDA:307,30,1,0
BRDA:312,31,0,0
BRDA:312,31,1,0
BRDA:336,32,0,0
BRDA:336,32,1,0
BRDA:359,33,0,0
BRDA:361,34,0,0
BRDA:361,34,1,0
BRDA:372,35,0,0
BRDA:372,35,1,0
BRDA:382,36,0,0
BRDA:382,36,1,0
BRDA:383,37,0,0
BRDA:383,37,1,0
BRDA:397,38,0,0
BRDA:397,38,1,0
BRDA:401,39,0,0
BRDA:401,39,1,0
BRDA:423,40,0,0
BRDA:425,41,0,0
BRDA:425,41,1,0
BRDA:429,42,0,0
BRDA:429,42,1,0
BRDA:429,43,0,0
BRDA:429,43,1,0
BRDA:440,44,0,0
BRDA:440,44,1,0
BRDA:444,45,0,0
BRDA:444,45,1,0
BRDA:455,46,0,0
BRDA:455,46,1,0
BRDA:456,47,0,0
BRDA:456,47,1,0
BRF:89
BRH:14
end_of_record
TN:
SF:models\services\index.js
FN:14,(anonymous_0)
FN:22,(anonymous_1)
FN:32,(anonymous_2)
FN:42,(anonymous_3)
FN:52,(anonymous_4)
FN:62,(anonymous_5)
FN:72,(anonymous_6)
FN:82,(anonymous_7)
FN:96,(anonymous_8)
FNF:9
FNH:0
FNDA:0,(anonymous_0)
FNDA:0,(anonymous_1)
FNDA:0,(anonymous_2)
FNDA:0,(anonymous_3)
FNDA:0,(anonymous_4)
FNDA:0,(anonymous_5)
FNDA:0,(anonymous_6)
FNDA:0,(anonymous_7)
FNDA:0,(anonymous_8)
DA:1,9
DA:2,9
DA:3,9
DA:4,9
DA:5,9
DA:6,9
DA:15,0
DA:16,0
DA:23,0
DA:24,0
DA:26,0
DA:33,0
DA:34,0
DA:36,0
DA:43,0
DA:44,0
DA:46,0
DA:53,0
DA:54,0
DA:56,0
DA:63,0
DA:64,0
DA:66,0
DA:73,0
DA:74,0
DA:76,0
DA:83,0
DA:97,0
DA:102,9
LF:29
LH:7
BRDA:23,0,0,0
BRDA:23,0,1,0
BRDA:33,1,0,0
BRDA:33,1,1,0
BRDA:43,2,0,0
BRDA:43,2,1,0
BRDA:53,3,0,0
BRDA:53,3,1,0
BRDA:63,4,0,0
BRDA:63,4,1,0
BRDA:73,5,0,0
BRDA:73,5,1,0
BRF:12
BRH:0
end_of_record
TN:
SF:routes\admin.js
FN:36,(anonymous_0)
FN:85,(anonymous_1)
FN:146,(anonymous_2)
FN:174,(anonymous_3)
FN:211,(anonymous_4)
FN:265,(anonymous_5)
FN:299,(anonymous_6)
FN:334,(anonymous_7)
FN:375,(anonymous_8)
FN:450,(anonymous_9)
FN:514,(anonymous_10)
FN:587,getAdminCapabilities
FNF:12
FNH:0
FNDA:0,(anonymous_0)
FNDA:0,(anonymous_1)
FNDA:0,(anonymous_2)
FNDA:0,(anonymous_3)
FNDA:0,(anonymous_4)
FNDA:0,(anonymous_5)
FNDA:0,(anonymous_6)
FNDA:0,(anonymous_7)
FNDA:0,(anonymous_8)
FNDA:0,(anonymous_9)
FNDA:0,(anonymous_10)
FNDA:0,getAdminCapabilities
DA:1,8
DA:2,8
DA:3,8
DA:11,8
DA:12,8
DA:13,8
DA:18,8
DA:21,8
DA:33,8
DA:37,0
DA:40,0
DA:45,0
DA:82,8
DA:86,0
DA:87,0
DA:88,0
DA:91,0
DA:94,0
DA:100,0
DA:143,8
DA:147,0
DA:150,0
DA:156,0
DA:171,8
DA:175,0
DA:177,0
DA:208,8
DA:212,0
DA:213,0
DA:215,0
DA:216,0
DA:218,0
DA:219,0
DA:220,0
DA:222,0
DA:223,0
DA:225,0
DA:226,0
DA:229,0
DA:234,0
DA:235,0
DA:239,0
DA:244,0
DA:262,8
DA:266,0
DA:268,0
DA:270,0
DA:296,8
DA:300,0
DA:302,0
DA:330,8
DA:335,0
DA:336,0
DA:338,0
DA:339,0
DA:341,0
DA:342,0
DA:343,0
DA:346,0
DA:351,0
DA:352,0
DA:355,0
DA:371,8
DA:376,0
DA:377,0
DA:379,0
DA:380,0
DA:383,0
DA:384,0
DA:387,0
DA:388,0
DA:391,0
DA:392,0
DA:393,0
DA:396,0
DA:399,0
DA:405,0
DA:412,0
DA:413,0
DA:417,0
DA:425,0
DA:446,8
DA:451,0
DA:452,0
DA:454,0
DA:455,0
DA:459,0
DA:460,0
DA:463,0
DA:464,0
DA:467,0
DA:468,0
DA:469,0
DA:472,0
DA:473,0
DA:477,0
DA:479,0
DA:480,0
DA:484,0
DA:491,0
DA:510,8
DA:515,0
DA:523,0
DA:525,0
DA:526,0
DA:529,0
DA:530,0
DA:532,0
DA:533,0
DA:535,0
DA:536,0
DA:537,0
DA:538,0
DA:540,0
DA:541,0
DA:545,0
DA:547,0
DA:555,0
DA:557,0
DA:575,8
DA:576,8
DA:577,8
DA:579,8
DA:580,8
DA:581,8
DA:582,8
DA:588,0
DA:624,0
DA:627,8
LF:129
LH:27
BRDA:114,0,0,0
BRDA:114,0,1,0
BRDA:219,1,0,0
BRDA:219,1,1,0
BRDA:222,2,0,0
BRDA:222,2,1,0
BRDA:225,3,0,0
BRDA:225,3,1,0
BRDA:225,4,0,0
BRDA:225,4,1,0
BRDA:234,5,0,0
BRDA:234,5,1,0
BRDA:280,6,0,0
BRDA:280,6,1,0
BRDA:281,7,0,0
BRDA:281,7,1,0
BRDA:342,8,0,0
BRDA:342,8,1,0
BRDA:342,9,0,0
BRDA:342,9,1,0
BRDA:351,10,0,0
BRDA:351,10,1,0
BRDA:377,11,0,0
BRDA:379,12,0,0
BRDA:379,12,1,0
BRDA:379,13,0,0
BRDA:379,13,1,0
BRDA:383,14,0,0
BRDA:383,14,1,0
BRDA:392,15,0,0
BRDA:392,15,1,0
BRDA:396,16,0,0
BRDA:396,16,1,0
BRDA:412,17,0,0
BRDA:412,17,1,0
BRDA:454,18,0,0
BRDA:454,18,1,0
BRDA:459,19,0,0
BRDA:459,19,1,0
BRDA:468,20,0,0
BRDA:468,20,1,0
BRDA:472,21,0,0
BRDA:472,21,1,0
BRDA:479,22,0,0
BRDA:479,22,1,0
BRDA:517,23,0,0
BRDA:518,24,0,0
BRDA:529,25,0,0
BRDA:529,25,1,0
BRDA:532,26,0,0
BRDA:532,26,1,0
BRDA:535,27,0,0
BRDA:535,27,1,0
BRDA:535,28,0,0
BRDA:535,28,1,0
BRDA:537,29,0,0
BRDA:537,29,1,0
BRDA:540,30,0,0
BRDA:540,30,1,0
BRDA:624,31,0,0
BRDA:624,31,1,0
BRF:61
BRH:0
end_of_record
TN:
SF:routes\contacts.js
FN:14,(anonymous_0)
FN:85,(anonymous_1)
FN:184,(anonymous_2)
FN:284,(anonymous_3)
FN:362,(anonymous_4)
FN:411,(anonymous_5)
FN:460,(anonymous_6)
FNF:7
FNH:0
FNDA:0,(anonymous_0)
FNDA:0,(anonymous_1)
FNDA:0,(anonymous_2)
FNDA:0,(anonymous_3)
FNDA:0,(anonymous_4)
FNDA:0,(anonymous_5)
FNDA:0,(anonymous_6)
DA:1,8
DA:2,8
DA:3,8
DA:4,8
DA:5,8
DA:7,8
DA:14,8
DA:15,0
DA:16,0
DA:18,0
DA:19,0
DA:20,0
DA:23,0
DA:24,0
DA:25,0
DA:32,0
DA:33,0
DA:36,0
DA:43,0
DA:45,0
DA:46,0
DA:48,0
DA:49,0
DA:51,0
DA:54,0
DA:57,0
DA:58,0
DA:64,0
DA:72,0
DA:73,0
DA:85,8
DA:86,0
DA:87,0
DA:90,0
DA:91,0
DA:103,0
DA:104,0
DA:105,0
DA:111,0
DA:112,0
DA:113,0
DA:114,0
DA:117,0
DA:118,0
DA:119,0
DA:126,0
DA:129,0
DA:130,0
DA:132,0
DA:133,0
DA:140,0
DA:154,0
DA:156,0
DA:157,0
DA:164,0
DA:171,0
DA:172,0
DA:184,8
DA:185,0
DA:186,0
DA:187,0
DA:190,0
DA:191,0
DA:198,0
DA:199,0
DA:200,0
DA:201,0
DA:208,0
DA:209,0
DA:210,0
DA:211,0
DA:214,0
DA:215,0
DA:216,0
DA:223,0
DA:226,0
DA:227,0
DA:230,0
DA:231,0
DA:232,0
DA:233,0
DA:234,0
DA:235,0
DA:236,0
DA:239,0
DA:241,0
DA:242,0
DA:249,0
DA:256,0
DA:258,0
DA:259,0
DA:265,0
DA:266,0
DA:272,0
DA:284,8
DA:285,0
DA:286,0
DA:289,0
DA:290,0
DA:296,0
DA:297,0
DA:298,0
DA:299,0
DA:302,0
DA:303,0
DA:304,0
DA:311,0
DA:314,0
DA:315,0
DA:318,0
DA:320,0
DA:321,0
DA:328,0
DA:334,0
DA:336,0
DA:337,0
DA:343,0
DA:344,0
DA:350,0
DA:362,8
DA:363,0
DA:364,0
DA:365,0
DA:366,0
DA:369,0
DA:370,0
DA:371,0
DA:378,0
DA:379,0
DA:382,0
DA:384,0
DA:385,0
DA:391,0
DA:398,0
DA:399,0
DA:411,8
DA:412,0
DA:413,0
DA:414,0
DA:415,0
DA:418,0
DA:419,0
DA:420,0
DA:427,0
DA:428,0
DA:431,0
DA:433,0
DA:434,0
DA:440,0
DA:447,0
DA:448,0
DA:460,8
DA:461,0
DA:462,0
DA:463,0
DA:466,0
DA:467,0
DA:474,0
DA:475,0
DA:481,0
DA:482,0
DA:483,0
DA:484,0
DA:487,0
DA:488,0
DA:489,0
DA:496,0
DA:499,0
DA:500,0
DA:503,0
DA:505,0
DA:506,0
DA:513,0
DA:520,0
DA:522,0
DA:523,0
DA:529,0
DA:530,0
DA:536,0
DA:543,8
LF:180
LH:14
BRDA:16,0,0,0
BRDA:16,1,0,0
BRDA:24,2,0,0
BRDA:24,2,1,0
BRDA:43,3,0,0
BRDA:43,3,1,0
BRDA:46,4,0,0
BRDA:46,4,1,0
BRDA:49,5,0,0
BRDA:49,5,1,0
BRDA:57,6,0,0
BRDA:57,6,1,0
BRDA:67,7,0,0
BRDA:67,7,1,0
BRDA:87,8,0,0
BRDA:90,9,0,0
BRDA:90,9,1,0
BRDA:90,10,0,0
BRDA:90,10,1,0
BRDA:90,10,2,0
BRDA:95,11,0,0
BRDA:95,11,1,0
BRDA:96,12,0,0
BRDA:96,12,1,0
BRDA:97,13,0,0
BRDA:97,13,1,0
BRDA:104,14,0,0
BRDA:104,14,1,0
BRDA:118,15,0,0
BRDA:118,15,1,0
BRDA:130,16,0,0
BRDA:130,16,1,0
BRDA:132,17,0,0
BRDA:132,17,1,0
BRDA:145,18,0,0
BRDA:145,18,1,0
BRDA:156,19,0,0
BRDA:156,19,1,0
BRDA:190,20,0,0
BRDA:190,20,1,0
BRDA:198,21,0,0
BRDA:198,21,1,0
BRDA:200,22,0,0
BRDA:200,22,1,0
BRDA:215,23,0,0
BRDA:215,23,1,0
BRDA:227,24,0,0
BRDA:227,24,1,0
BRDA:231,25,0,0
BRDA:231,25,1,0
BRDA:232,26,0,0
BRDA:232,26,1,0
BRDA:233,27,0,0
BRDA:233,27,1,0
BRDA:234,28,0,0
BRDA:234,28,1,0
BRDA:234,29,0,0
BRDA:234,29,1,0
BRDA:235,30,0,0
BRDA:235,30,1,0
BRDA:241,31,0,0
BRDA:241,31,1,0
BRDA:258,32,0,0
BRDA:258,32,1,0
BRDA:265,33,0,0
BRDA:265,33,1,0
BRDA:289,34,0,0
BRDA:289,34,1,0
BRDA:303,35,0,0
BRDA:303,35,1,0
BRDA:315,36,0,0
BRDA:315,36,1,0
BRDA:320,37,0,0
BRDA:320,37,1,0
BRDA:336,38,0,0
BRDA:336,38,1,0
BRDA:343,39,0,0
BRDA:343,39,1,0
BRDA:370,40,0,0
BRDA:370,40,1,0
BRDA:384,41,0,0
BRDA:384,41,1,0
BRDA:419,42,0,0
BRDA:419,42,1,0
BRDA:433,43,0,0
BRDA:433,43,1,0
BRDA:466,44,0,0
BRDA:466,44,1,0
BRDA:474,45,0,0
BRDA:474,45,1,0
BRDA:488,46,0,0
BRDA:488,46,1,0
BRDA:500,47,0,0
BRDA:500,47,1,0
BRDA:505,48,0,0
BRDA:505,48,1,0
BRDA:515,49,0,0
BRDA:515,49,1,0
BRDA:522,50,0,0
BRDA:522,50,1,0
BRDA:529,51,0,0
BRDA:529,51,1,0
BRF:102
BRH:0
end_of_record
TN:
SF:routes\forum.js
FN:14,(anonymous_0)
FN:88,(anonymous_1)
FN:176,(anonymous_2)
FN:274,(anonymous_3)
FN:352,(anonymous_4)
FN:452,(anonymous_5)
FN:540,(anonymous_6)
FN:628,(anonymous_7)
FN:677,(anonymous_8)
FNF:9
FNH:0
FNDA:0,(anonymous_0)
FNDA:0,(anonymous_1)
FNDA:0,(anonymous_2)
FNDA:0,(anonymous_3)
FNDA:0,(anonymous_4)
FNDA:0,(anonymous_5)
FNDA:0,(anonymous_6)
FNDA:0,(anonymous_7)
FNDA:0,(anonymous_8)
DA:1,8
DA:2,8
DA:3,8
DA:4,8
DA:5,8
DA:7,8
DA:14,8
DA:15,0
DA:16,0
DA:18,0
DA:19,0
DA:20,0
DA:23,0
DA:24,0
DA:25,0
DA:32,0
DA:33,0
DA:36,0
DA:43,0
DA:45,0
DA:49,0
DA:51,0
DA:52,0
DA:54,0
DA:57,0
DA:60,0
DA:61,0
DA:67,0
DA:75,0
DA:76,0
DA:88,8
DA:89,0
DA:90,0
DA:93,0
DA:94,0
DA:105,0
DA:106,0
DA:107,0
DA:113,0
DA:114,0
DA:115,0
DA:118,0
DA:119,0
DA:120,0
DA:127,0
DA:130,0
DA:146,0
DA:148,0
DA:149,0
DA:156,0
DA:163,0
DA:164,0
DA:176,8
DA:177,0
DA:178,0
DA:179,0
DA:182,0
DA:183,0
DA:190,0
DA:191,0
DA:192,0
DA:193,0
DA:200,0
DA:201,0
DA:202,0
DA:203,0
DA:206,0
DA:207,0
DA:208,0
DA:215,0
DA:218,0
DA:219,0
DA:222,0
DA:223,0
DA:224,0
DA:225,0
DA:226,0
DA:229,0
DA:231,0
DA:232,0
DA:239,0
DA:246,0
DA:248,0
DA:249,0
DA:255,0
DA:256,0
DA:262,0
DA:274,8
DA:275,0
DA:276,0
DA:279,0
DA:280,0
DA:286,0
DA:287,0
DA:288,0
DA:289,0
DA:292,0
DA:293,0
DA:294,0
DA:301,0
DA:304,0
DA:305,0
DA:308,0
DA:310,0
DA:311,0
DA:318,0
DA:324,0
DA:326,0
DA:327,0
DA:333,0
DA:334,0
DA:340,0
DA:352,8
DA:353,0
DA:354,0
DA:355,0
DA:358,0
DA:359,0
DA:366,0
DA:367,0
DA:373,0
DA:374,0
DA:375,0
DA:378,0
DA:379,0
DA:380,0
DA:387,0
DA:390,0
DA:391,0
DA:392,0
DA:399,0
DA:400,0
DA:407,0
DA:414,0
DA:416,0
DA:417,0
DA:424,0
DA:431,0
DA:433,0
DA:434,0
DA:440,0
DA:452,8
DA:453,0
DA:454,0
DA:455,0
DA:458,0
DA:459,0
DA:466,0
DA:467,0
DA:473,0
DA:474,0
DA:475,0
DA:476,0
DA:479,0
DA:480,0
DA:481,0
DA:488,0
DA:491,0
DA:492,0
DA:494,0
DA:495,0
DA:502,0
DA:504,0
DA:505,0
DA:512,0
DA:519,0
DA:521,0
DA:522,0
DA:528,0
DA:540,8
DA:541,0
DA:542,0
DA:543,0
DA:546,0
DA:547,0
DA:554,0
DA:555,0
DA:561,0
DA:562,0
DA:563,0
DA:564,0
DA:567,0
DA:568,0
DA:569,0
DA:576,0
DA:579,0
DA:580,0
DA:582,0
DA:583,0
DA:590,0
DA:592,0
DA:593,0
DA:600,0
DA:607,0
DA:609,0
DA:610,0
DA:616,0
DA:628,8
DA:629,0
DA:630,0
DA:631,0
DA:632,0
DA:635,0
DA:636,0
DA:637,0
DA:644,0
DA:645,0
DA:648,0
DA:650,0
DA:651,0
DA:657,0
DA:664,0
DA:665,0
DA:677,8
DA:678,0
DA:679,0
DA:681,0
DA:682,0
DA:685,0
DA:691,0
DA:693,0
DA:694,0
DA:700,0
DA:707,0
DA:708,0
DA:715,8
LF:226
LH:16
BRDA:16,0,0,0
BRDA:16,1,0,0
BRDA:24,2,0,0
BRDA:24,2,1,0
BRDA:43,3,0,0
BRDA:43,3,1,0
BRDA:47,4,0,0
BRDA:47,4,1,0
BRDA:49,5,0,0
BRDA:49,5,1,0
BRDA:52,6,0,0
BRDA:52,6,1,0
BRDA:60,7,0,0
BRDA:60,7,1,0
BRDA:70,8,0,0
BRDA:70,8,1,0
BRDA:90,9,0,0
BRDA:93,10,0,0
BRDA:93,10,1,0
BRDA:93,11,0,0
BRDA:93,11,1,0
BRDA:98,12,0,0
BRDA:98,12,1,0
BRDA:99,13,0,0
BRDA:99,13,1,0
BRDA:106,14,0,0
BRDA:106,14,1,0
BRDA:119,15,0,0
BRDA:119,15,1,0
BRDA:148,16,0,0
BRDA:148,16,1,0
BRDA:182,17,0,0
BRDA:182,17,1,0
BRDA:190,18,0,0
BRDA:190,18,1,0
BRDA:192,19,0,0
BRDA:192,19,1,0
BRDA:207,20,0,0
BRDA:207,20,1,0
BRDA:219,21,0,0
BRDA:219,21,1,0
BRDA:223,22,0,0
BRDA:223,22,1,0
BRDA:224,23,0,0
BRDA:224,23,1,0
BRDA:225,24,0,0
BRDA:225,24,1,0
BRDA:231,25,0,0
BRDA:231,25,1,0
BRDA:248,26,0,0
BRDA:248,26,1,0
BRDA:255,27,0,0
BRDA:255,27,1,0
BRDA:279,28,0,0
BRDA:279,28,1,0
BRDA:293,29,0,0
BRDA:293,29,1,0
BRDA:305,30,0,0
BRDA:305,30,1,0
BRDA:310,31,0,0
BRDA:310,31,1,0
BRDA:326,32,0,0
BRDA:326,32,1,0
BRDA:333,33,0,0
BRDA:333,33,1,0
BRDA:358,34,0,0
BRDA:358,34,1,0
BRDA:366,35,0,0
BRDA:366,35,1,0
BRDA:366,36,0,0
BRDA:366,36,1,0
BRDA:366,36,2,0
BRDA:379,37,0,0
BRDA:379,37,1,0
BRDA:391,38,0,0
BRDA:391,38,1,0
BRDA:399,39,0,0
BRDA:399,39,1,0
BRDA:416,40,0,0
BRDA:416,40,1,0
BRDA:433,41,0,0
BRDA:433,41,1,0
BRDA:458,42,0,0
BRDA:458,42,1,0
BRDA:466,43,0,0
BRDA:466,43,1,0
BRDA:480,44,0,0
BRDA:480,44,1,0
BRDA:492,45,0,0
BRDA:492,45,1,0
BRDA:494,46,0,0
BRDA:494,46,1,0
BRDA:504,47,0,0
BRDA:504,47,1,0
BRDA:514,48,0,0
BRDA:514,48,1,0
BRDA:521,49,0,0
BRDA:521,49,1,0
BRDA:546,50,0,0
BRDA:546,50,1,0
BRDA:554,51,0,0
BRDA:554,51,1,0
BRDA:568,52,0,0
BRDA:568,52,1,0
BRDA:580,53,0,0
BRDA:580,53,1,0
BRDA:582,54,0,0
BRDA:582,54,1,0
BRDA:592,55,0,0
BRDA:592,55,1,0
BRDA:602,56,0,0
BRDA:602,56,1,0
BRDA:609,57,0,0
BRDA:609,57,1,0
BRDA:636,58,0,0
BRDA:636,58,1,0
BRDA:650,59,0,0
BRDA:650,59,1,0
BRDA:679,60,0,0
BRDA:679,61,0,0
BRDA:693,62,0,0
BRDA:693,62,1,0
BRDA:703,63,0,0
BRDA:703,63,1,0
BRF:124
BRH:0
end_of_record
TN:
SF:routes\maintenance.js
FN:13,(anonymous_0)
FN:55,(anonymous_1)
FN:85,(anonymous_2)
FN:156,(anonymous_3)
FN:209,(anonymous_4)
FN:250,(anonymous_5)
FN:294,(anonymous_6)
FNF:7
FNH:0
FNDA:0,(anonymous_0)
FNDA:0,(anonymous_1)
FNDA:0,(anonymous_2)
FNDA:0,(anonymous_3)
FNDA:0,(anonymous_4)
FNDA:0,(anonymous_5)
FNDA:0,(anonymous_6)
DA:1,8
DA:2,8
DA:3,8
DA:4,8
DA:5,8
DA:6,8
DA:7,8
DA:13,8
DA:14,0
DA:15,0
DA:16,0
DA:18,0
DA:19,0
DA:21,0
DA:22,0
DA:23,0
DA:24,0
DA:25,0
DA:26,0
DA:28,0
DA:30,0
DA:31,0
DA:37,0
DA:43,0
DA:44,0
DA:55,8
DA:56,0
DA:57,0
DA:59,0
DA:60,0
DA:62,0
DA:64,0
DA:65,0
DA:67,0
DA:73,0
DA:74,0
DA:85,8
DA:86,0
DA:87,0
DA:88,0
DA:90,0
DA:91,0
DA:97,0
DA:98,0
DA:104,0
DA:105,0
DA:108,0
DA:109,0
DA:110,0
DA:116,0
DA:117,0
DA:123,0
DA:129,0
DA:131,0
DA:132,0
DA:138,0
DA:144,0
DA:145,0
DA:156,8
DA:157,0
DA:158,0
DA:159,0
DA:160,0
DA:162,0
DA:163,0
DA:164,0
DA:167,0
DA:168,0
DA:169,0
DA:175,0
DA:176,0
DA:177,0
DA:178,0
DA:179,0
DA:180,0
DA:182,0
DA:184,0
DA:185,0
DA:191,0
DA:197,0
DA:198,0
DA:209,8
DA:210,0
DA:211,0
DA:212,0
DA:214,0
DA:215,0
DA:216,0
DA:219,0
DA:220,0
DA:221,0
DA:227,0
DA:229,0
DA:230,0
DA:232,0
DA:238,0
DA:239,0
DA:250,8
DA:251,0
DA:252,0
DA:254,0
DA:255,0
DA:256,0
DA:259,0
DA:260,0
DA:261,0
DA:267,0
DA:269,0
DA:270,0
DA:276,0
DA:282,0
DA:283,0
DA:294,8
DA:295,0
DA:296,0
DA:297,0
DA:299,0
DA:300,0
DA:306,0
DA:307,0
DA:308,0
DA:311,0
DA:312,0
DA:313,0
DA:319,0
DA:326,0
DA:327,0
DA:333,0
DA:339,0
DA:340,0
DA:347,8
LF:131
LH:15
BRDA:22,0,0,0
BRDA:22,0,1,0
BRDA:23,1,0,0
BRDA:23,1,1,0
BRDA:24,2,0,0
BRDA:24,2,1,0
BRDA:25,3,0,0
BRDA:25,3,1,0
BRDA:26,4,0,0
BRDA:26,4,1,0
BRDA:30,5,0,0
BRDA:30,5,1,0
BRDA:34,6,0,0
BRDA:34,6,1,0
BRDA:64,7,0,0
BRDA:64,7,1,0
BRDA:90,8,0,0
BRDA:90,8,1,0
BRDA:97,9,0,0
BRDA:97,9,1,0
BRDA:109,10,0,0
BRDA:109,10,1,0
BRDA:109,11,0,0
BRDA:109,11,1,0
BRDA:116,12,0,0
BRDA:116,12,1,0
BRDA:131,13,0,0
BRDA:131,13,1,0
BRDA:168,14,0,0
BRDA:168,14,1,0
BRDA:176,15,0,0
BRDA:176,15,1,0
BRDA:177,16,0,0
BRDA:177,16,1,0
BRDA:178,17,0,0
BRDA:178,17,1,0
BRDA:179,18,0,0
BRDA:179,18,1,0
BRDA:180,19,0,0
BRDA:180,19,1,0
BRDA:184,20,0,0
BRDA:184,20,1,0
BRDA:188,21,0,0
BRDA:188,21,1,0
BRDA:220,22,0,0
BRDA:220,22,1,0
BRDA:229,23,0,0
BRDA:229,23,1,0
BRDA:260,24,0,0
BRDA:260,24,1,0
BRDA:260,25,0,0
BRDA:260,25,1,0
BRDA:269,26,0,0
BRDA:269,26,1,0
BRDA:299,27,0,0
BRDA:299,27,1,0
BRDA:299,28,0,0
BRDA:299,28,1,0
BRDA:299,28,2,0
BRDA:299,28,3,0
BRDA:312,29,0,0
BRDA:312,29,1,0
BRDA:326,30,0,0
BRDA:326,30,1,0
BRF:64
BRH:0
end_of_record
TN:
SF:routes\societies.js
FN:11,(anonymous_0)
FN:39,(anonymous_1)
FN:68,(anonymous_2)
FN:107,(anonymous_3)
FNF:4
FNH:0
FNDA:0,(anonymous_0)
FNDA:0,(anonymous_1)
FNDA:0,(anonymous_2)
FNDA:0,(anonymous_3)
DA:1,8
DA:2,8
DA:3,8
DA:4,8
DA:5,8
DA:11,8
DA:12,0
DA:13,0
DA:14,0
DA:16,0
DA:18,0
DA:19,0
DA:21,0
DA:27,0
DA:28,0
DA:39,8
DA:40,0
DA:41,0
DA:42,0
DA:43,0
DA:45,0
DA:47,0
DA:48,0
DA:50,0
DA:56,0
DA:57,0
DA:68,8
DA:69,0
DA:70,0
DA:71,0
DA:72,0
DA:73,0
DA:76,0
DA:77,0
DA:78,0
DA:84,0
DA:86,0
DA:87,0
DA:89,0
DA:95,0
DA:96,0
DA:107,8
DA:108,0
DA:109,0
DA:110,0
DA:111,0
DA:112,0
DA:115,0
DA:116,0
DA:117,0
DA:119,0
DA:121,0
DA:122,0
DA:127,0
DA:134,0
DA:135,0
DA:142,8
LF:57
LH:10
BRDA:18,0,0,0
BRDA:18,0,1,0
BRDA:47,1,0,0
BRDA:47,1,1,0
BRDA:47,2,0,0
BRDA:47,2,1,0
BRDA:77,3,0,0
BRDA:77,3,1,0
BRDA:86,4,0,0
BRDA:86,4,1,0
BRDA:121,5,0,0
BRDA:121,5,1,0
BRF:12
BRH:0
end_of_record
TN:
SF:routes\users.js
FN:21,(anonymous_0)
FN:89,(anonymous_1)
FN:144,(anonymous_2)
FN:200,(anonymous_3)
FN:225,(anonymous_4)
FN:252,(anonymous_5)
FN:281,(anonymous_6)
FNF:7
FNH:0
FNDA:0,(anonymous_0)
FNDA:0,(anonymous_1)
FNDA:0,(anonymous_2)
FNDA:0,(anonymous_3)
FNDA:0,(anonymous_4)
FNDA:0,(anonymous_5)
FNDA:0,(anonymous_6)
DA:1,8
DA:2,8
DA:3,8
DA:4,8
DA:5,8
DA:6,8
DA:7,8
DA:8,8
DA:10,8
DA:17,8
DA:22,0
DA:24,0
DA:25,0
DA:26,0
DA:29,0
DA:30,0
DA:31,0
DA:39,0
DA:40,0
DA:41,0
DA:45,0
DA:62,0
DA:64,0
DA:65,0
DA:69,0
DA:89,8
DA:90,0
DA:91,0
DA:94,0
DA:96,0
DA:97,0
DA:102,0
DA:105,0
DA:106,0
DA:109,0
DA:130,0
DA:141,8
DA:145,0
DA:147,0
DA:148,0
DA:151,0
DA:152,0
DA:153,0
DA:159,0
DA:161,0
DA:162,0
DA:165,0
DA:166,0
DA:170,0
DA:173,0
DA:175,0
DA:176,0
DA:180,0
DA:181,0
DA:183,0
DA:200,8
DA:201,0
DA:202,0
DA:204,0
DA:206,0
DA:207,0
DA:210,0
DA:222,8
DA:226,0
DA:228,0
DA:229,0
DA:231,0
DA:233,0
DA:252,8
DA:253,0
DA:255,0
DA:256,0
DA:259,0
DA:261,0
DA:262,0
DA:267,0
DA:270,0
DA:276,0
DA:277,0
DA:281,0
DA:294,0
DA:302,8
LF:82
LH:16
BRDA:30,0,0,0
BRDA:30,0,1,0
BRDA:40,1,0,0
BRDA:40,1,1,0
BRDA:50,2,0,0
BRDA:50,2,1,0
BRDA:52,3,0,0
BRDA:52,3,1,0
BRDA:54,4,0,0
BRDA:54,4,1,0
BRDA:54,4,2,0
BRDA:64,5,0,0
BRDA:64,5,1,0
BRDA:96,6,0,0
BRDA:96,6,1,0
BRDA:118,7,0,0
BRDA:118,7,1,0
BRDA:127,8,0,0
BRDA:127,8,1,0
BRDA:152,9,0,0
BRDA:152,9,1,0
BRDA:161,10,0,0
BRDA:161,10,1,0
BRDA:162,11,0,0
BRDA:162,11,1,0
BRDA:165,12,0,0
BRDA:165,12,1,0
BRDA:166,13,0,0
BRDA:166,13,1,0
BRDA:175,14,0,0
BRDA:175,14,1,0
BRDA:206,15,0,0
BRDA:206,15,1,0
BRDA:237,16,0,0
BRDA:237,16,1,0
BRDA:261,17,0,0
BRDA:261,17,1,0
BRDA:276,18,0,0
BRDA:276,18,1,0
BRF:39
BRH:0
end_of_record
TN:
SF:routes\websocket-test.js
FN:19,(anonymous_0)
FN:50,(anonymous_1)
FN:81,(anonymous_2)
FN:110,(anonymous_3)
FN:136,(anonymous_4)
FN:161,(anonymous_5)
FN:168,(anonymous_6)
FNF:7
FNH:0
FNDA:0,(anonymous_0)
FNDA:0,(anonymous_1)
FNDA:0,(anonymous_2)
FNDA:0,(anonymous_3)
FNDA:0,(anonymous_4)
FNDA:0,(anonymous_5)
FNDA:0,(anonymous_6)
DA:1,8
DA:2,8
DA:3,8
DA:4,8
DA:11,8
DA:16,8
DA:20,0
DA:22,0
DA:34,0
DA:36,0
DA:47,8
DA:51,0
DA:53,0
DA:65,0
DA:67,0
DA:78,8
DA:82,0
DA:84,0
DA:94,0
DA:96,0
DA:107,8
DA:111,0
DA:113,0
DA:123,0
DA:133,8
DA:137,0
DA:139,0
DA:149,0
DA:159,8
DA:162,0
DA:163,0
DA:165,0
DA:166,0
DA:168,0
DA:169,0
DA:177,0
DA:186,8
LF:37
LH:12
BRDA:114,0,0,0
BRDA:114,0,1,0
BRDA:115,1,0,0
BRDA:115,1,1,0
BRDA:116,2,0,0
BRDA:116,2,1,0
BRF:6
BRH:0
end_of_record
TN:
SF:routes\admin\communication.js
FN:32,(anonymous_0)
FN:77,(anonymous_1)
FN:164,(anonymous_2)
FN:263,(anonymous_3)
FN:394,(anonymous_4)
FN:506,(anonymous_5)
FN:654,validateTargetAudience
FN:669,(anonymous_7)
FN:691,(anonymous_8)
FN:706,calculateTargetAudienceSize
FN:730,sendAnnouncementNotifications
FN:741,(anonymous_11)
FN:780,sendCustomNotifications
FN:791,(anonymous_13)
FN:830,getTargetUsers
FN:854,getNotificationAnalytics
FN:918,formatAnnouncementResponse
FN:940,formatNotificationResponse
FNF:18
FNH:0
FNDA:0,(anonymous_0)
FNDA:0,(anonymous_1)
FNDA:0,(anonymous_2)
FNDA:0,(anonymous_3)
FNDA:0,(anonymous_4)
FNDA:0,(anonymous_5)
FNDA:0,validateTargetAudience
FNDA:0,(anonymous_7)
FNDA:0,(anonymous_8)
FNDA:0,calculateTargetAudienceSize
FNDA:0,sendAnnouncementNotifications
FNDA:0,(anonymous_11)
FNDA:0,sendCustomNotifications
FNDA:0,(anonymous_13)
FNDA:0,getTargetUsers
FNDA:0,getNotificationAnalytics
FNDA:0,formatAnnouncementResponse
FNDA:0,formatNotificationResponse
DA:1,8
DA:2,8
DA:3,8
DA:4,8
DA:10,8
DA:11,8
DA:16,8
DA:28,8
DA:33,0
DA:42,0
DA:45,0
DA:46,0
DA:49,0
DA:50,0
DA:55,0
DA:58,0
DA:65,0
DA:77,0
DA:94,0
DA:96,0
DA:97,0
DA:101,0
DA:108,0
DA:118,0
DA:127,0
DA:135,0
DA:160,8
DA:165,0
DA:174,0
DA:176,0
DA:177,0
DA:180,0
DA:184,0
DA:187,0
DA:188,0
DA:191,0
DA:192,0
DA:193,0
DA:194,0
DA:196,0
DA:197,0
DA:202,0
DA:203,0
DA:207,0
DA:209,0
DA:213,0
DA:220,0
DA:222,0
DA:230,0
DA:232,0
DA:259,8
DA:264,0
DA:272,0
DA:275,0
DA:276,0
DA:279,0
DA:280,0
DA:285,0
DA:288,0
DA:295,0
DA:318,0
DA:320,0
DA:321,0
DA:325,0
DA:332,0
DA:342,0
DA:343,0
DA:353,0
DA:362,0
DA:390,8
DA:395,0
DA:404,0
DA:406,0
DA:407,0
DA:410,0
DA:411,0
DA:414,0
DA:418,0
DA:421,0
DA:422,0
DA:425,0
DA:426,0
DA:427,0
DA:428,0
DA:430,0
DA:431,0
DA:436,0
DA:438,0
DA:442,0
DA:449,0
DA:451,0
DA:459,0
DA:462,0
DA:474,0
DA:502,8
DA:507,0
DA:508,0
DA:510,0
DA:511,0
DA:516,0
DA:517,0
DA:522,0
DA:523,0
DA:524,0
DA:527,0
DA:528,0
DA:530,0
DA:532,0
DA:533,0
DA:539,0
DA:546,0
DA:571,0
DA:576,0
DA:583,0
DA:593,0
DA:594,0
DA:603,0
DA:611,0
DA:620,0
DA:633,0
DA:655,0
DA:662,0
DA:664,0
DA:668,0
DA:669,0
DA:670,0
DA:674,0
DA:678,0
DA:682,0
DA:691,0
DA:695,0
DA:696,0
DA:697,0
DA:700,0
DA:707,0
DA:710,0
DA:711,0
DA:715,0
DA:716,0
DA:720,0
DA:721,0
DA:724,0
DA:738,0
DA:741,0
DA:755,0
DA:756,0
DA:759,0
DA:770,0
DA:774,0
DA:788,0
DA:791,0
DA:805,0
DA:806,0
DA:809,0
DA:820,0
DA:824,0
DA:831,0
DA:834,0
DA:835,0
DA:839,0
DA:840,0
DA:844,0
DA:845,0
DA:848,0
DA:855,0
DA:857,0
DA:859,0
DA:860,0
DA:861,0
DA:862,0
DA:866,0
DA:867,0
DA:873,0
DA:902,0
DA:919,0
DA:941,0
DA:958,8
LF:177
LH:13
BRDA:37,0,0,0
BRDA:38,1,0,0
BRDA:40,2,0,0
BRDA:41,3,0,0
BRDA:45,4,0,0
BRDA:45,4,1,0
BRDA:45,5,0,0
BRDA:45,5,1,0
BRDA:49,6,0,0
BRDA:49,6,1,0
BRDA:75,7,0,0
BRDA:75,7,1,0
BRDA:96,8,0,0
BRDA:96,8,1,0
BRDA:167,9,0,0
BRDA:168,10,0,0
BRDA:173,11,0,0
BRDA:180,12,0,0
BRDA:180,12,1,0
BRDA:181,13,0,0
BRDA:181,13,1,0
BRDA:187,14,0,0
BRDA:187,14,1,0
BRDA:191,15,0,0
BRDA:191,15,1,0
BRDA:191,16,0,0
BRDA:191,16,1,0
BRDA:193,17,0,0
BRDA:193,17,1,0
BRDA:196,18,0,0
BRDA:196,18,1,0
BRDA:202,19,0,0
BRDA:202,19,1,0
BRDA:207,20,0,0
BRDA:207,20,1,0
BRDA:209,21,0,0
BRDA:209,21,1,0
BRDA:268,22,0,0
BRDA:269,23,0,0
BRDA:275,24,0,0
BRDA:275,24,1,0
BRDA:275,25,0,0
BRDA:275,25,1,0
BRDA:279,26,0,0
BRDA:279,26,1,0
BRDA:304,27,0,0
BRDA:304,27,1,0
BRDA:305,28,0,0
BRDA:305,28,1,0
BRDA:306,29,0,0
BRDA:306,29,1,0
BRDA:320,30,0,0
BRDA:320,30,1,0
BRDA:342,31,0,0
BRDA:342,31,1,0
BRDA:364,32,0,0
BRDA:364,32,1,0
BRDA:397,33,0,0
BRDA:398,34,0,0
BRDA:410,35,0,0
BRDA:410,35,1,0
BRDA:410,36,0,0
BRDA:410,36,1,0
BRDA:414,37,0,0
BRDA:414,37,1,0
BRDA:415,38,0,0
BRDA:415,38,1,0
BRDA:421,39,0,0
BRDA:421,39,1,0
BRDA:425,40,0,0
BRDA:425,40,1,0
BRDA:425,41,0,0
BRDA:425,41,1,0
BRDA:427,42,0,0
BRDA:427,42,1,0
BRDA:430,43,0,0
BRDA:430,43,1,0
BRDA:436,44,0,0
BRDA:436,44,1,0
BRDA:438,45,0,0
BRDA:438,45,1,0
BRDA:467,46,0,0
BRDA:467,46,1,0
BRDA:468,47,0,0
BRDA:468,47,1,0
BRDA:510,48,0,0
BRDA:510,48,1,0
BRDA:510,49,0,0
BRDA:510,49,1,0
BRDA:516,50,0,0
BRDA:516,50,1,0
BRDA:532,51,0,0
BRDA:532,51,1,0
BRDA:532,52,0,0
BRDA:532,52,1,0
BRDA:540,53,0,0
BRDA:540,53,1,0
BRDA:553,54,0,0
BRDA:553,54,1,0
BRDA:555,55,0,0
BRDA:555,55,1,0
BRDA:558,56,0,0
BRDA:558,56,1,0
BRDA:559,57,0,0
BRDA:559,57,1,0
BRDA:593,58,0,0
BRDA:593,58,1,0
BRDA:613,59,0,0
BRDA:613,59,1,0
BRDA:662,60,0,0
BRDA:662,60,1,0
BRDA:664,61,0,0
BRDA:664,61,1,0
BRDA:668,62,0,0
BRDA:668,62,1,0
BRDA:668,63,0,0
BRDA:668,63,1,0
BRDA:678,64,0,0
BRDA:678,64,1,0
BRDA:679,65,0,0
BRDA:679,65,1,0
BRDA:695,66,0,0
BRDA:695,66,1,0
BRDA:696,67,0,0
BRDA:696,67,1,0
BRDA:697,68,0,0
BRDA:697,68,1,0
BRDA:710,69,0,0
BRDA:710,69,1,0
BRDA:710,70,0,0
BRDA:710,70,1,0
BRDA:715,71,0,0
BRDA:715,71,1,0
BRDA:715,72,0,0
BRDA:715,72,1,0
BRDA:720,73,0,0
BRDA:720,73,1,0
BRDA:720,74,0,0
BRDA:720,74,1,0
BRDA:755,75,0,0
BRDA:755,75,1,0
BRDA:805,76,0,0
BRDA:805,76,1,0
BRDA:834,77,0,0
BRDA:834,77,1,0
BRDA:834,78,0,0
BRDA:834,78,1,0
BRDA:839,79,0,0
BRDA:839,79,1,0
BRDA:839,80,0,0
BRDA:839,80,1,0
BRDA:844,81,0,0
BRDA:844,81,1,0
BRDA:844,82,0,0
BRDA:844,82,1,0
BRDA:854,83,0,0
BRDA:859,84,0,0
BRDA:859,84,1,0
BRDA:859,85,0,0
BRDA:859,85,1,0
BRDA:861,86,0,0
BRDA:861,86,1,0
BRDA:862,87,0,0
BRDA:862,87,1,0
BRDA:866,88,0,0
BRDA:866,88,1,0
BRDA:866,89,0,0
BRDA:866,89,1,0
BRDA:903,90,0,0
BRDA:903,90,1,0
BRF:170
BRH:0
end_of_record
TN:
SF:routes\admin\joinRequests.js
FN:37,(anonymous_0)
FN:123,(anonymous_1)
FN:174,(anonymous_2)
FN:307,(anonymous_3)
FN:404,(anonymous_4)
FN:540,(anonymous_5)
FN:639,(anonymous_6)
FN:699,(anonymous_7)
FNF:8
FNH:0
FNDA:0,(anonymous_0)
FNDA:0,(anonymous_1)
FNDA:0,(anonymous_2)
FNDA:0,(anonymous_3)
FNDA:0,(anonymous_4)
FNDA:0,(anonymous_5)
FNDA:0,(anonymous_6)
FNDA:0,(anonymous_7)
DA:1,8
DA:2,8
DA:3,8
DA:10,8
DA:11,8
DA:12,8
DA:17,8
DA:21,8
DA:33,8
DA:38,0
DA:49,0
DA:51,0
DA:52,0
DA:55,0
DA:64,0
DA:67,0
DA:70,0
DA:71,0
DA:73,0
DA:76,0
DA:81,0
DA:82,0
DA:86,0
DA:87,0
DA:88,0
DA:90,0
DA:119,8
DA:124,0
DA:125,0
DA:127,0
DA:128,0
DA:130,0
DA:131,0
DA:132,0
DA:135,0
DA:138,0
DA:139,0
DA:145,0
DA:147,0
DA:151,0
DA:152,0
DA:158,0
DA:170,8
DA:175,0
DA:176,0
DA:177,0
DA:179,0
DA:180,0
DA:181,0
DA:184,0
DA:185,0
DA:186,0
DA:189,0
DA:192,0
DA:193,0
DA:199,0
DA:201,0
DA:205,0
DA:206,0
DA:212,0
DA:213,0
DA:217,0
DA:222,0
DA:223,0
DA:226,0
DA:229,0
DA:230,0
DA:231,0
DA:235,0
DA:237,0
DA:251,0
DA:252,0
DA:253,0
DA:256,0
DA:259,0
DA:265,0
DA:275,0
DA:284,0
DA:303,8
DA:308,0
DA:309,0
DA:310,0
DA:312,0
DA:313,0
DA:316,0
DA:317,0
DA:320,0
DA:321,0
DA:322,0
DA:325,0
DA:328,0
DA:329,0
DA:335,0
DA:337,0
DA:341,0
DA:342,0
DA:348,0
DA:349,0
DA:353,0
DA:359,0
DA:360,0
DA:364,0
DA:373,0
DA:382,0
DA:400,8
DA:405,0
DA:406,0
DA:408,0
DA:409,0
DA:412,0
DA:413,0
DA:414,0
DA:417,0
DA:418,0
DA:419,0
DA:420,0
DA:421,0
DA:424,0
DA:427,0
DA:428,0
DA:432,0
DA:434,0
DA:438,0
DA:439,0
DA:445,0
DA:449,0
DA:454,0
DA:455,0
DA:458,0
DA:461,0
DA:462,0
DA:463,0
DA:464,0
DA:468,0
DA:469,0
DA:483,0
DA:484,0
DA:485,0
DA:489,0
DA:496,0
DA:510,0
DA:517,0
DA:536,8
DA:541,0
DA:542,0
DA:544,0
DA:545,0
DA:548,0
DA:549,0
DA:552,0
DA:553,0
DA:556,0
DA:557,0
DA:558,0
DA:559,0
DA:562,0
DA:565,0
DA:566,0
DA:570,0
DA:572,0
DA:576,0
DA:577,0
DA:585,0
DA:591,0
DA:592,0
DA:596,0
DA:609,0
DA:616,0
DA:635,8
DA:640,0
DA:641,0
DA:643,0
DA:644,0
DA:646,0
DA:649,0
DA:651,0
DA:654,0
DA:658,0
DA:659,0
DA:661,0
DA:662,0
DA:665,0
DA:670,0
DA:671,0
DA:674,0
DA:695,8
DA:700,0
DA:701,0
DA:704,0
DA:705,0
DA:708,0
DA:709,0
DA:712,0
DA:713,0
DA:714,0
DA:717,0
DA:720,0
DA:721,0
DA:726,0
DA:727,0
DA:728,0
DA:732,0
DA:740,0
DA:751,8
LF:204
LH:17
BRDA:40,0,0,0
BRDA:41,1,0,0
BRDA:47,2,0,0
BRDA:48,3,0,0
BRDA:60,4,0,0
BRDA:60,4,1,0
BRDA:64,5,0,0
BRDA:64,5,1,0
BRDA:67,6,0,0
BRDA:67,6,1,0
BRDA:71,7,0,0
BRDA:71,7,1,0
BRDA:81,8,0,0
BRDA:81,8,1,0
BRDA:102,9,0,0
BRDA:102,9,1,0
BRDA:103,10,0,0
BRDA:103,10,1,0
BRDA:131,11,0,0
BRDA:131,11,1,0
BRDA:138,12,0,0
BRDA:138,12,1,0
BRDA:145,13,0,0
BRDA:145,13,1,0
BRDA:147,14,0,0
BRDA:147,14,1,0
BRDA:151,15,0,0
BRDA:151,15,1,0
BRDA:177,16,0,0
BRDA:185,17,0,0
BRDA:185,17,1,0
BRDA:192,18,0,0
BRDA:192,18,1,0
BRDA:199,19,0,0
BRDA:199,19,1,0
BRDA:201,20,0,0
BRDA:201,20,1,0
BRDA:205,21,0,0
BRDA:205,21,1,0
BRDA:212,22,0,0
BRDA:212,22,1,0
BRDA:222,23,0,0
BRDA:222,23,1,0
BRDA:229,24,0,0
BRDA:229,24,1,0
BRDA:235,25,0,0
BRDA:235,25,1,0
BRDA:242,26,0,0
BRDA:242,26,1,0
BRDA:244,27,0,0
BRDA:244,27,1,0
BRDA:252,28,0,0
BRDA:252,28,1,0
BRDA:312,29,0,0
BRDA:312,29,1,0
BRDA:312,30,0,0
BRDA:312,30,1,0
BRDA:312,30,2,0
BRDA:321,31,0,0
BRDA:321,31,1,0
BRDA:328,32,0,0
BRDA:328,32,1,0
BRDA:335,33,0,0
BRDA:335,33,1,0
BRDA:337,34,0,0
BRDA:337,34,1,0
BRDA:341,35,0,0
BRDA:341,35,1,0
BRDA:348,36,0,0
BRDA:348,36,1,0
BRDA:359,37,0,0
BRDA:359,37,1,0
BRDA:406,38,0,0
BRDA:408,39,0,0
BRDA:408,39,1,0
BRDA:408,40,0,0
BRDA:408,40,1,0
BRDA:420,41,0,0
BRDA:420,41,1,0
BRDA:427,42,0,0
BRDA:427,42,1,0
BRDA:432,43,0,0
BRDA:432,43,1,0
BRDA:434,44,0,0
BRDA:434,44,1,0
BRDA:438,45,0,0
BRDA:438,45,1,0
BRDA:454,46,0,0
BRDA:454,46,1,0
BRDA:461,47,0,0
BRDA:461,47,1,0
BRDA:468,48,0,0
BRDA:468,48,1,0
BRDA:474,49,0,0
BRDA:474,49,1,0
BRDA:476,50,0,0
BRDA:476,50,1,0
BRDA:484,51,0,0
BRDA:484,51,1,0
BRDA:544,52,0,0
BRDA:544,52,1,0
BRDA:544,53,0,0
BRDA:544,53,1,0
BRDA:548,54,0,0
BRDA:548,54,1,0
BRDA:548,55,0,0
BRDA:548,55,1,0
BRDA:548,55,2,0
BRDA:558,56,0,0
BRDA:558,56,1,0
BRDA:565,57,0,0
BRDA:565,57,1,0
BRDA:570,58,0,0
BRDA:570,58,1,0
BRDA:572,59,0,0
BRDA:572,59,1,0
BRDA:576,60,0,0
BRDA:576,60,1,0
BRDA:591,61,0,0
BRDA:591,61,1,0
BRDA:649,62,0,0
BRDA:649,62,1,0
BRDA:651,63,0,0
BRDA:651,63,1,0
BRDA:658,64,0,0
BRDA:658,64,1,0
BRDA:661,65,0,0
BRDA:661,65,1,0
BRDA:670,66,0,0
BRDA:670,66,1,0
BRDA:679,67,0,0
BRDA:679,67,1,0
BRDA:681,68,0,0
BRDA:681,68,1,0
BRDA:682,69,0,0
BRDA:682,69,1,0
BRDA:704,70,0,0
BRDA:704,70,1,0
BRDA:713,71,0,0
BRDA:713,71,1,0
BRDA:720,72,0,0
BRDA:720,72,1,0
BRDA:727,73,0,0
BRDA:727,73,1,0
BRF:144
BRH:0
end_of_record
TN:
SF:routes\admin\maintenance.js
FN:36,(anonymous_0)
FN:88,(anonymous_1)
FN:128,(anonymous_2)
FN:200,(anonymous_3)
FN:320,(anonymous_4)
FN:443,(anonymous_5)
FN:492,(anonymous_6)
FN:522,(anonymous_7)
FN:526,(anonymous_8)
FN:536,(anonymous_9)
FN:581,(anonymous_10)
FN:602,(anonymous_11)
FN:625,(anonymous_12)
FN:632,(anonymous_13)
FN:652,(anonymous_14)
FN:656,(anonymous_15)
FN:664,(anonymous_16)
FN:683,(anonymous_17)
FN:706,(anonymous_18)
FN:724,(anonymous_19)
FN:751,(anonymous_20)
FN:769,(anonymous_21)
FN:776,(anonymous_22)
FN:810,(anonymous_23)
FN:821,(anonymous_24)
FN:840,(anonymous_25)
FN:851,(anonymous_26)
FN:871,(anonymous_27)
FN:992,(anonymous_28)
FNF:29
FNH:0
FNDA:0,(anonymous_0)
FNDA:0,(anonymous_1)
FNDA:0,(anonymous_2)
FNDA:0,(anonymous_3)
FNDA:0,(anonymous_4)
FNDA:0,(anonymous_5)
FNDA:0,(anonymous_6)
FNDA:0,(anonymous_7)
FNDA:0,(anonymous_8)
FNDA:0,(anonymous_9)
FNDA:0,(anonymous_10)
FNDA:0,(anonymous_11)
FNDA:0,(anonymous_12)
FNDA:0,(anonymous_13)
FNDA:0,(anonymous_14)
FNDA:0,(anonymous_15)
FNDA:0,(anonymous_16)
FNDA:0,(anonymous_17)
FNDA:0,(anonymous_18)
FNDA:0,(anonymous_19)
FNDA:0,(anonymous_20)
FNDA:0,(anonymous_21)
FNDA:0,(anonymous_22)
FNDA:0,(anonymous_23)
FNDA:0,(anonymous_24)
FNDA:0,(anonymous_25)
FNDA:0,(anonymous_26)
FNDA:0,(anonymous_27)
FNDA:0,(anonymous_28)
DA:1,8
DA:2,8
DA:3,8
DA:11,8
DA:12,8
DA:13,8
DA:18,8
DA:19,8
DA:32,8
DA:37,0
DA:38,0
DA:40,0
DA:41,0
DA:44,0
DA:47,0
DA:48,0
DA:49,0
DA:50,0
DA:54,0
DA:55,0
DA:56,0
DA:60,0
DA:64,0
DA:65,0
DA:66,0
DA:67,0
DA:69,0
DA:73,0
DA:79,0
DA:81,0
DA:82,0
DA:86,0
DA:87,0
DA:89,0
DA:92,0
DA:103,0
DA:104,0
DA:105,0
DA:116,0
DA:127,0
DA:128,0
DA:129,0
DA:130,0
DA:131,0
DA:132,0
DA:133,0
DA:135,0
DA:141,0
DA:145,0
DA:148,0
DA:149,0
DA:153,0
DA:164,0
DA:195,8
DA:201,0
DA:202,0
DA:204,0
DA:205,0
DA:208,0
DA:209,0
DA:212,0
DA:213,0
DA:216,0
DA:217,0
DA:218,0
DA:221,0
DA:224,0
DA:225,0
DA:231,0
DA:232,0
DA:235,0
DA:236,0
DA:239,0
DA:240,0
DA:246,0
DA:256,0
DA:261,0
DA:262,0
DA:266,0
DA:267,0
DA:270,0
DA:290,0
DA:315,8
DA:321,0
DA:322,0
DA:324,0
DA:325,0
DA:328,0
DA:329,0
DA:332,0
DA:333,0
DA:336,0
DA:337,0
DA:340,0
DA:341,0
DA:342,0
DA:345,0
DA:348,0
DA:349,0
DA:355,0
DA:356,0
DA:359,0
DA:360,0
DA:363,0
DA:364,0
DA:368,0
DA:378,0
DA:383,0
DA:384,0
DA:388,0
DA:389,0
DA:392,0
DA:413,0
DA:439,8
DA:444,0
DA:445,0
DA:447,0
DA:448,0
DA:451,0
DA:458,0
DA:459,0
DA:460,0
DA:461,0
DA:465,0
DA:466,0
DA:467,0
DA:468,0
DA:472,0
DA:481,0
DA:485,0
DA:486,0
DA:490,0
DA:491,0
DA:493,0
DA:496,0
DA:500,0
DA:517,0
DA:518,0
DA:520,0
DA:521,0
DA:522,0
DA:526,0
DA:527,0
DA:528,0
DA:530,0
DA:531,0
DA:532,0
DA:535,0
DA:537,0
DA:538,0
DA:539,0
DA:548,0
DA:561,0
DA:568,0
DA:581,0
DA:597,8
DA:603,0
DA:604,0
DA:606,0
DA:607,0
DA:610,0
DA:611,0
DA:616,0
DA:617,0
DA:618,0
DA:621,0
DA:622,0
DA:625,0
DA:626,0
DA:627,0
DA:631,0
DA:632,0
DA:637,0
DA:638,0
DA:641,0
DA:642,0
DA:643,0
DA:646,0
DA:647,0
DA:648,0
DA:652,0
DA:653,0
DA:654,0
DA:656,0
DA:662,0
DA:663,0
DA:665,0
DA:668,0
DA:676,0
DA:683,0
DA:684,0
DA:685,0
DA:691,0
DA:697,0
DA:706,0
DA:716,0
DA:724,0
DA:746,8
DA:752,0
DA:753,0
DA:755,0
DA:756,0
DA:759,0
DA:760,0
DA:765,0
DA:766,0
DA:769,0
DA:770,0
DA:771,0
DA:775,0
DA:776,0
DA:782,0
DA:783,0
DA:786,0
DA:787,0
DA:788,0
DA:791,0
DA:792,0
DA:793,0
DA:799,0
DA:809,0
DA:810,0
DA:814,0
DA:815,0
DA:819,0
DA:820,0
DA:822,0
DA:825,0
DA:838,0
DA:840,0
DA:846,0
DA:851,0
DA:867,8
DA:872,0
DA:873,0
DA:875,0
DA:876,0
DA:879,0
DA:880,0
DA:882,0
DA:884,0
DA:885,0
DA:887,0
DA:888,0
DA:890,0
DA:891,0
DA:893,0
DA:894,0
DA:896,0
DA:900,0
DA:906,0
DA:907,0
DA:908,0
DA:909,0
DA:913,0
DA:929,0
DA:954,0
DA:971,0
DA:990,0
DA:991,0
DA:992,0
DA:1010,0
DA:1024,0
DA:1036,0
DA:1043,8
LF:265
LH:16
BRDA:38,0,0,0
BRDA:38,1,0,0
BRDA:47,2,0,0
BRDA:47,2,1,0
BRDA:49,3,0,0
BRDA:49,3,1,0
BRDA:54,4,0,0
BRDA:54,4,1,0
BRDA:54,5,0,0
BRDA:54,5,1,0
BRDA:60,6,0,0
BRDA:60,6,1,0
BRDA:61,7,0,0
BRDA:61,7,1,0
BRDA:64,8,0,0
BRDA:64,8,1,0
BRDA:66,9,0,0
BRDA:66,9,1,0
BRDA:81,10,0,0
BRDA:81,10,1,0
BRDA:94,11,0,0
BRDA:94,11,1,0
BRDA:95,12,0,0
BRDA:95,12,1,0
BRDA:96,13,0,0
BRDA:96,13,1,0
BRDA:97,14,0,0
BRDA:97,14,1,0
BRDA:127,15,0,0
BRDA:127,15,1,0
BRDA:132,16,0,0
BRDA:132,16,1,0
BRDA:148,17,0,0
BRDA:148,17,1,0
BRDA:172,18,0,0
BRDA:172,18,1,0
BRDA:174,19,0,0
BRDA:174,19,1,0
BRDA:182,20,0,0
BRDA:182,20,1,0
BRDA:204,21,0,0
BRDA:204,21,1,0
BRDA:208,22,0,0
BRDA:208,22,1,0
BRDA:217,23,0,0
BRDA:217,23,1,0
BRDA:217,24,0,0
BRDA:217,24,1,0
BRDA:224,25,0,0
BRDA:224,25,1,0
BRDA:224,26,0,0
BRDA:224,26,1,0
BRDA:231,27,0,0
BRDA:231,27,1,0
BRDA:231,28,0,0
BRDA:231,28,1,0
BRDA:235,29,0,0
BRDA:235,29,1,0
BRDA:239,30,0,0
BRDA:239,30,1,0
BRDA:252,31,0,0
BRDA:252,31,1,0
BRDA:261,32,0,0
BRDA:261,32,1,0
BRDA:277,33,0,0
BRDA:277,33,1,0
BRDA:300,34,0,0
BRDA:300,34,1,0
BRDA:324,35,0,0
BRDA:324,35,1,0
BRDA:328,36,0,0
BRDA:328,36,1,0
BRDA:328,37,0,0
BRDA:328,37,1,0
BRDA:332,38,0,0
BRDA:332,38,1,0
BRDA:341,39,0,0
BRDA:341,39,1,0
BRDA:341,40,0,0
BRDA:341,40,1,0
BRDA:348,41,0,0
BRDA:348,41,1,0
BRDA:348,42,0,0
BRDA:348,42,1,0
BRDA:355,43,0,0
BRDA:355,43,1,0
BRDA:355,44,0,0
BRDA:355,44,1,0
BRDA:359,45,0,0
BRDA:359,45,1,0
BRDA:363,46,0,0
BRDA:363,46,1,0
BRDA:374,47,0,0
BRDA:374,47,1,0
BRDA:383,48,0,0
BRDA:383,48,1,0
BRDA:399,49,0,0
BRDA:399,49,1,0
BRDA:424,50,0,0
BRDA:424,50,1,0
BRDA:445,51,0,0
BRDA:458,52,0,0
BRDA:458,52,1,0
BRDA:460,53,0,0
BRDA:460,53,1,0
BRDA:465,54,0,0
BRDA:465,54,1,0
BRDA:485,55,0,0
BRDA:485,55,1,0
BRDA:502,56,0,0
BRDA:502,56,1,0
BRDA:503,57,0,0
BRDA:503,57,1,0
BRDA:504,58,0,0
BRDA:504,58,1,0
BRDA:505,59,0,0
BRDA:505,59,1,0
BRDA:508,60,0,0
BRDA:508,60,1,0
BRDA:510,61,0,0
BRDA:510,61,1,0
BRDA:518,62,0,0
BRDA:518,62,1,0
BRDA:527,63,0,0
BRDA:527,63,1,0
BRDA:554,64,0,0
BRDA:554,64,1,0
BRDA:556,65,0,0
BRDA:556,65,1,0
BRDA:564,66,0,0
BRDA:564,66,1,0
BRDA:572,67,0,0
BRDA:572,67,1,0
BRDA:576,68,0,0
BRDA:576,68,1,0
BRDA:604,69,0,0
BRDA:606,70,0,0
BRDA:606,70,1,0
BRDA:606,71,0,0
BRDA:606,71,1,0
BRDA:606,71,2,0
BRDA:610,72,0,0
BRDA:610,72,1,0
BRDA:617,73,0,0
BRDA:617,73,1,0
BRDA:626,74,0,0
BRDA:626,74,1,0
BRDA:637,75,0,0
BRDA:637,75,1,0
BRDA:642,76,0,0
BRDA:642,76,1,0
BRDA:647,77,0,0
BRDA:647,77,1,0
BRDA:653,78,0,0
BRDA:653,78,1,0
BRDA:680,79,0,0
BRDA:680,79,1,0
BRDA:684,80,0,0
BRDA:684,80,1,0
BRDA:705,81,0,0
BRDA:705,81,1,0
BRDA:708,82,0,0
BRDA:708,82,1,0
BRDA:726,83,0,0
BRDA:726,83,1,0
BRDA:731,84,0,0
BRDA:731,84,1,0
BRDA:732,85,0,0
BRDA:732,85,1,0
BRDA:734,86,0,0
BRDA:734,86,1,0
BRDA:755,87,0,0
BRDA:755,87,1,0
BRDA:755,88,0,0
BRDA:755,88,1,0
BRDA:755,88,2,0
BRDA:759,89,0,0
BRDA:759,89,1,0
BRDA:770,90,0,0
BRDA:770,90,1,0
BRDA:782,91,0,0
BRDA:782,91,1,0
BRDA:787,92,0,0
BRDA:787,92,1,0
BRDA:792,93,0,0
BRDA:792,93,1,0
BRDA:805,94,0,0
BRDA:805,94,1,0
BRDA:814,95,0,0
BRDA:814,95,1,0
BRDA:828,96,0,0
BRDA:828,96,1,0
BRDA:841,97,0,0
BRDA:841,97,1,0
BRDA:854,98,0,0
BRDA:854,98,1,0
BRDA:873,99,0,0
BRDA:882,100,0,0
BRDA:882,100,1,0
BRDA:882,100,2,0
BRDA:882,100,3,0
BRDA:882,100,4,0
BRDA:906,101,0,0
BRDA:906,101,1,0
BRDA:908,102,0,0
BRDA:908,102,1,0
BRDA:975,103,0,0
BRDA:975,103,1,0
BRDA:980,104,0,0
BRDA:980,104,1,0
BRDA:983,105,0,0
BRDA:983,105,1,0
BRDA:990,106,0,0
BRDA:990,106,1,0
BRDA:1013,107,0,0
BRDA:1013,107,1,0
BRDA:1017,108,0,0
BRDA:1017,108,1,0
BRF:218
BRH:0
end_of_record
TN:
SF:routes\admin\users.js
FN:37,(anonymous_0)
FN:97,(anonymous_1)
FN:147,(anonymous_2)
FN:200,(anonymous_3)
FN:250,(anonymous_4)
FN:320,(anonymous_5)
FN:399,(anonymous_6)
FN:469,(anonymous_7)
FN:494,(anonymous_8)
FN:495,(anonymous_9)
FN:500,(anonymous_10)
FN:540,(anonymous_11)
FN:578,(anonymous_12)
FN:589,(anonymous_13)
FN:594,(anonymous_14)
FNF:15
FNH:0
FNDA:0,(anonymous_0)
FNDA:0,(anonymous_1)
FNDA:0,(anonymous_2)
FNDA:0,(anonymous_3)
FNDA:0,(anonymous_4)
FNDA:0,(anonymous_5)
FNDA:0,(anonymous_6)
FNDA:0,(anonymous_7)
FNDA:0,(anonymous_8)
FNDA:0,(anonymous_9)
FNDA:0,(anonymous_10)
FNDA:0,(anonymous_11)
FNDA:0,(anonymous_12)
FNDA:0,(anonymous_13)
FNDA:0,(anonymous_14)
DA:1,8
DA:2,8
DA:3,8
DA:10,8
DA:11,8
DA:12,8
DA:17,8
DA:21,8
DA:33,8
DA:38,0
DA:48,0
DA:50,0
DA:51,0
DA:54,0
DA:64,0
DA:67,0
DA:71,0
DA:78,0
DA:79,0
DA:81,0
DA:87,0
DA:88,0
DA:92,0
DA:93,0
DA:94,0
DA:97,0
DA:98,0
DA:101,0
DA:102,0
DA:103,0
DA:106,0
DA:109,0
DA:143,8
DA:148,0
DA:149,0
DA:151,0
DA:152,0
DA:154,0
DA:155,0
DA:156,0
DA:159,0
DA:162,0
DA:164,0
DA:168,0
DA:169,0
DA:174,0
DA:175,0
DA:179,0
DA:180,0
DA:181,0
DA:184,0
DA:196,8
DA:201,0
DA:202,0
DA:203,0
DA:205,0
DA:206,0
DA:209,0
DA:210,0
DA:211,0
DA:214,0
DA:217,0
DA:219,0
DA:223,0
DA:224,0
DA:229,0
DA:230,0
DA:234,0
DA:241,0
DA:245,0
DA:249,0
DA:250,0
DA:251,0
DA:252,0
DA:257,0
DA:262,0
DA:266,0
DA:267,0
DA:273,0
DA:274,0
DA:277,0
DA:278,0
DA:279,0
DA:283,0
DA:292,0
DA:300,0
DA:316,8
DA:321,0
DA:322,0
DA:323,0
DA:325,0
DA:326,0
DA:329,0
DA:330,0
DA:331,0
DA:334,0
DA:337,0
DA:338,0
DA:342,0
DA:343,0
DA:347,0
DA:348,0
DA:352,0
DA:353,0
DA:356,0
DA:357,0
DA:358,0
DA:362,0
DA:370,0
DA:378,0
DA:395,8
DA:400,0
DA:401,0
DA:403,0
DA:404,0
DA:407,0
DA:408,0
DA:409,0
DA:412,0
DA:415,0
DA:416,0
DA:420,0
DA:421,0
DA:424,0
DA:425,0
DA:428,0
DA:429,0
DA:430,0
DA:434,0
DA:441,0
DA:448,0
DA:465,8
DA:470,0
DA:472,0
DA:473,0
DA:477,0
DA:480,0
DA:484,0
DA:491,0
DA:492,0
DA:494,0
DA:495,0
DA:500,0
DA:502,0
DA:503,0
DA:505,0
DA:508,0
DA:509,0
DA:511,0
DA:515,0
DA:518,0
DA:519,0
DA:521,0
DA:524,0
DA:536,8
DA:541,0
DA:542,0
DA:544,0
DA:545,0
DA:548,0
DA:549,0
DA:552,0
DA:553,0
DA:556,0
DA:557,0
DA:558,0
DA:559,0
DA:560,0
DA:563,0
DA:564,0
DA:565,0
DA:568,0
DA:572,0
DA:573,0
DA:574,0
DA:577,0
DA:578,0
DA:579,0
DA:580,0
DA:584,0
DA:585,0
DA:589,0
DA:590,0
DA:593,0
DA:594,0
DA:597,0
DA:606,0
DA:613,0
DA:626,8
LF:189
LH:16
BRDA:40,0,0,0
BRDA:41,1,0,0
BRDA:45,2,0,0
BRDA:46,3,0,0
BRDA:47,4,0,0
BRDA:58,5,0,0
BRDA:58,5,1,0
BRDA:64,6,0,0
BRDA:64,6,1,0
BRDA:67,7,0,0
BRDA:67,7,1,0
BRDA:78,8,0,0
BRDA:78,8,1,0
BRDA:87,9,0,0
BRDA:87,9,1,0
BRDA:101,10,0,0
BRDA:101,10,1,0
BRDA:121,11,0,0
BRDA:121,11,1,0
BRDA:122,12,0,0
BRDA:122,12,1,0
BRDA:127,13,0,0
BRDA:127,13,1,0
BRDA:128,14,0,0
BRDA:128,14,1,0
BRDA:155,15,0,0
BRDA:155,15,1,0
BRDA:162,16,0,0
BRDA:162,16,1,0
BRDA:164,17,0,0
BRDA:164,17,1,0
BRDA:168,18,0,0
BRDA:168,18,1,0
BRDA:174,19,0,0
BRDA:174,19,1,0
BRDA:179,20,0,0
BRDA:179,20,1,0
BRDA:210,21,0,0
BRDA:210,21,1,0
BRDA:217,22,0,0
BRDA:217,22,1,0
BRDA:219,23,0,0
BRDA:219,23,1,0
BRDA:223,24,0,0
BRDA:223,24,1,0
BRDA:229,25,0,0
BRDA:229,25,1,0
BRDA:241,26,0,0
BRDA:241,26,1,0
BRDA:242,27,0,0
BRDA:242,27,1,0
BRDA:251,28,0,0
BRDA:251,28,1,0
BRDA:257,29,0,0
BRDA:257,29,1,0
BRDA:258,30,0,0
BRDA:258,30,1,0
BRDA:262,31,0,0
BRDA:262,31,1,0
BRDA:266,32,0,0
BRDA:266,32,1,0
BRDA:273,33,0,0
BRDA:273,33,1,0
BRDA:278,34,0,0
BRDA:278,34,1,0
BRDA:330,35,0,0
BRDA:330,35,1,0
BRDA:337,36,0,0
BRDA:337,36,1,0
BRDA:342,37,0,0
BRDA:342,37,1,0
BRDA:347,38,0,0
BRDA:347,38,1,0
BRDA:347,39,0,0
BRDA:347,39,1,0
BRDA:352,40,0,0
BRDA:352,40,1,0
BRDA:357,41,0,0
BRDA:357,41,1,0
BRDA:365,42,0,0
BRDA:365,42,1,0
BRDA:375,43,0,0
BRDA:375,43,1,0
BRDA:408,44,0,0
BRDA:408,44,1,0
BRDA:415,45,0,0
BRDA:415,45,1,0
BRDA:420,46,0,0
BRDA:420,46,1,0
BRDA:424,47,0,0
BRDA:424,47,1,0
BRDA:429,48,0,0
BRDA:429,48,1,0
BRDA:477,49,0,0
BRDA:477,49,1,0
BRDA:480,50,0,0
BRDA:480,50,1,0
BRDA:491,51,0,0
BRDA:491,51,1,0
BRDA:502,52,0,0
BRDA:502,52,1,0
BRDA:508,53,0,0
BRDA:508,53,1,0
BRDA:518,54,0,0
BRDA:518,54,1,0
BRDA:544,55,0,0
BRDA:544,55,1,0
BRDA:544,56,0,0
BRDA:544,56,1,0
BRDA:548,57,0,0
BRDA:548,57,1,0
BRDA:548,58,0,0
BRDA:548,58,1,0
BRDA:559,59,0,0
BRDA:559,59,1,0
BRDA:564,60,0,0
BRDA:564,60,1,0
BRDA:573,61,0,0
BRDA:573,61,1,0
BRDA:579,62,0,0
BRDA:579,62,1,0
BRDA:584,63,0,0
BRDA:584,63,1,0
BRF:123
BRH:0
end_of_record
